The system is: Linux - 5.15.0-91-generic - x86_64
Compiling the C compiler identification source file "CMakeCCompilerId.c" succeeded.
Compiler: /usr/bin/cc 
Build flags: 
Id flags:  

The output was:
0


Compilation of the C compiler identification source "CMakeCCompilerId.c" produced "a.out"

The C compiler identification is GNU, found in "/home/anton/Documents/code/dap-sdk/CMakeFiles/3.16.3/CompilerIdC/a.out"

Determining if the C compiler works passed with the following output:
Change Dir: /home/anton/Documents/code/dap-sdk/CMakeFiles/CMakeTmp

Run Build Command(s):/usr/bin/make cmTC_fa2a6/fast && /usr/bin/make -f CMakeFiles/cmTC_fa2a6.dir/build.make CMakeFiles/cmTC_fa2a6.dir/build
make[1]: Entering directory '/home/anton/Documents/code/dap-sdk/CMakeFiles/CMakeTmp'
Building C object CMakeFiles/cmTC_fa2a6.dir/testCCompiler.c.o
/usr/bin/cc    -o CMakeFiles/cmTC_fa2a6.dir/testCCompiler.c.o   -c /home/anton/Documents/code/dap-sdk/CMakeFiles/CMakeTmp/testCCompiler.c
Linking C executable cmTC_fa2a6
/usr/bin/cmake -E cmake_link_script CMakeFiles/cmTC_fa2a6.dir/link.txt --verbose=1
/usr/bin/cc      CMakeFiles/cmTC_fa2a6.dir/testCCompiler.c.o  -o cmTC_fa2a6 
make[1]: Leaving directory '/home/anton/Documents/code/dap-sdk/CMakeFiles/CMakeTmp'



Detecting C compiler ABI info compiled with the following output:
Change Dir: /home/anton/Documents/code/dap-sdk/CMakeFiles/CMakeTmp

Run Build Command(s):/usr/bin/make cmTC_895df/fast && /usr/bin/make -f CMakeFiles/cmTC_895df.dir/build.make CMakeFiles/cmTC_895df.dir/build
make[1]: Entering directory '/home/anton/Documents/code/dap-sdk/CMakeFiles/CMakeTmp'
Building C object CMakeFiles/cmTC_895df.dir/CMakeCCompilerABI.c.o
/usr/bin/cc   -v -o CMakeFiles/cmTC_895df.dir/CMakeCCompilerABI.c.o   -c /usr/share/cmake-3.16/Modules/CMakeCCompilerABI.c
Using built-in specs.
COLLECT_GCC=/usr/bin/cc
OFFLOAD_TARGET_NAMES=nvptx-none:hsa
OFFLOAD_TARGET_DEFAULT=1
Target: x86_64-linux-gnu
Configured with: ../src/configure -v --with-pkgversion='Ubuntu 9.4.0-1ubuntu1~20.04.2' --with-bugurl=file:///usr/share/doc/gcc-9/README.Bugs --enable-languages=c,ada,c++,go,brig,d,fortran,objc,obj-c++,gm2 --prefix=/usr --with-gcc-major-version-only --program-suffix=-9 --program-prefix=x86_64-linux-gnu- --enable-shared --enable-linker-build-id --libexecdir=/usr/lib --without-included-gettext --enable-threads=posix --libdir=/usr/lib --enable-nls --enable-clocale=gnu --enable-libstdcxx-debug --enable-libstdcxx-time=yes --with-default-libstdcxx-abi=new --enable-gnu-unique-object --disable-vtable-verify --enable-plugin --enable-default-pie --with-system-zlib --with-target-system-zlib=auto --enable-objc-gc=auto --enable-multiarch --disable-werror --with-arch-32=i686 --with-abi=m64 --with-multilib-list=m32,m64,mx32 --enable-multilib --with-tune=generic --enable-offload-targets=nvptx-none=/build/gcc-9-9QDOt0/gcc-9-9.4.0/debian/tmp-nvptx/usr,hsa --without-cuda-driver --enable-checking=release --build=x86_64-linux-gnu --host=x86_64-linux-gnu --target=x86_64-linux-gnu
Thread model: posix
gcc version 9.4.0 (Ubuntu 9.4.0-1ubuntu1~20.04.2) 
COLLECT_GCC_OPTIONS='-v' '-o' 'CMakeFiles/cmTC_895df.dir/CMakeCCompilerABI.c.o' '-c' '-mtune=generic' '-march=x86-64'
 /usr/lib/gcc/x86_64-linux-gnu/9/cc1 -quiet -v -imultiarch x86_64-linux-gnu /usr/share/cmake-3.16/Modules/CMakeCCompilerABI.c -quiet -dumpbase CMakeCCompilerABI.c -mtune=generic -march=x86-64 -auxbase-strip CMakeFiles/cmTC_895df.dir/CMakeCCompilerABI.c.o -version -fasynchronous-unwind-tables -fstack-protector-strong -Wformat -Wformat-security -fstack-clash-protection -fcf-protection -o /tmp/cc9ajn7k.s
GNU C17 (Ubuntu 9.4.0-1ubuntu1~20.04.2) version 9.4.0 (x86_64-linux-gnu)
	compiled by GNU C version 9.4.0, GMP version 6.2.0, MPFR version 4.0.2, MPC version 1.1.0, isl version isl-0.22.1-GMP

GGC heuristics: --param ggc-min-expand=100 --param ggc-min-heapsize=131072
ignoring nonexistent directory "/usr/local/include/x86_64-linux-gnu"
ignoring nonexistent directory "/usr/lib/gcc/x86_64-linux-gnu/9/include-fixed"
ignoring nonexistent directory "/usr/lib/gcc/x86_64-linux-gnu/9/../../../../x86_64-linux-gnu/include"
#include "..." search starts here:
#include <...> search starts here:
 /usr/lib/gcc/x86_64-linux-gnu/9/include
 /usr/local/include
 /usr/include/x86_64-linux-gnu
 /usr/include
End of search list.
GNU C17 (Ubuntu 9.4.0-1ubuntu1~20.04.2) version 9.4.0 (x86_64-linux-gnu)
	compiled by GNU C version 9.4.0, GMP version 6.2.0, MPFR version 4.0.2, MPC version 1.1.0, isl version isl-0.22.1-GMP

GGC heuristics: --param ggc-min-expand=100 --param ggc-min-heapsize=131072
Compiler executable checksum: 01da938ff5dc2163489aa33cb3b747a7
COLLECT_GCC_OPTIONS='-v' '-o' 'CMakeFiles/cmTC_895df.dir/CMakeCCompilerABI.c.o' '-c' '-mtune=generic' '-march=x86-64'
 as -v --64 -o CMakeFiles/cmTC_895df.dir/CMakeCCompilerABI.c.o /tmp/cc9ajn7k.s
GNU assembler version 2.34 (x86_64-linux-gnu) using BFD version (GNU Binutils for Ubuntu) 2.34
COMPILER_PATH=/usr/lib/gcc/x86_64-linux-gnu/9/:/usr/lib/gcc/x86_64-linux-gnu/9/:/usr/lib/gcc/x86_64-linux-gnu/:/usr/lib/gcc/x86_64-linux-gnu/9/:/usr/lib/gcc/x86_64-linux-gnu/
LIBRARY_PATH=/usr/lib/gcc/x86_64-linux-gnu/9/:/usr/lib/gcc/x86_64-linux-gnu/9/../../../x86_64-linux-gnu/:/usr/lib/gcc/x86_64-linux-gnu/9/../../../../lib/:/lib/x86_64-linux-gnu/:/lib/../lib/:/usr/lib/x86_64-linux-gnu/:/usr/lib/../lib/:/usr/lib/gcc/x86_64-linux-gnu/9/../../../:/lib/:/usr/lib/
COLLECT_GCC_OPTIONS='-v' '-o' 'CMakeFiles/cmTC_895df.dir/CMakeCCompilerABI.c.o' '-c' '-mtune=generic' '-march=x86-64'
Linking C executable cmTC_895df
/usr/bin/cmake -E cmake_link_script CMakeFiles/cmTC_895df.dir/link.txt --verbose=1
/usr/bin/cc     -v CMakeFiles/cmTC_895df.dir/CMakeCCompilerABI.c.o  -o cmTC_895df 
Using built-in specs.
COLLECT_GCC=/usr/bin/cc
COLLECT_LTO_WRAPPER=/usr/lib/gcc/x86_64-linux-gnu/9/lto-wrapper
OFFLOAD_TARGET_NAMES=nvptx-none:hsa
OFFLOAD_TARGET_DEFAULT=1
Target: x86_64-linux-gnu
Configured with: ../src/configure -v --with-pkgversion='Ubuntu 9.4.0-1ubuntu1~20.04.2' --with-bugurl=file:///usr/share/doc/gcc-9/README.Bugs --enable-languages=c,ada,c++,go,brig,d,fortran,objc,obj-c++,gm2 --prefix=/usr --with-gcc-major-version-only --program-suffix=-9 --program-prefix=x86_64-linux-gnu- --enable-shared --enable-linker-build-id --libexecdir=/usr/lib --without-included-gettext --enable-threads=posix --libdir=/usr/lib --enable-nls --enable-clocale=gnu --enable-libstdcxx-debug --enable-libstdcxx-time=yes --with-default-libstdcxx-abi=new --enable-gnu-unique-object --disable-vtable-verify --enable-plugin --enable-default-pie --with-system-zlib --with-target-system-zlib=auto --enable-objc-gc=auto --enable-multiarch --disable-werror --with-arch-32=i686 --with-abi=m64 --with-multilib-list=m32,m64,mx32 --enable-multilib --with-tune=generic --enable-offload-targets=nvptx-none=/build/gcc-9-9QDOt0/gcc-9-9.4.0/debian/tmp-nvptx/usr,hsa --without-cuda-driver --enable-checking=release --build=x86_64-linux-gnu --host=x86_64-linux-gnu --target=x86_64-linux-gnu
Thread model: posix
gcc version 9.4.0 (Ubuntu 9.4.0-1ubuntu1~20.04.2) 
COMPILER_PATH=/usr/lib/gcc/x86_64-linux-gnu/9/:/usr/lib/gcc/x86_64-linux-gnu/9/:/usr/lib/gcc/x86_64-linux-gnu/:/usr/lib/gcc/x86_64-linux-gnu/9/:/usr/lib/gcc/x86_64-linux-gnu/
LIBRARY_PATH=/usr/lib/gcc/x86_64-linux-gnu/9/:/usr/lib/gcc/x86_64-linux-gnu/9/../../../x86_64-linux-gnu/:/usr/lib/gcc/x86_64-linux-gnu/9/../../../../lib/:/lib/x86_64-linux-gnu/:/lib/../lib/:/usr/lib/x86_64-linux-gnu/:/usr/lib/../lib/:/usr/lib/gcc/x86_64-linux-gnu/9/../../../:/lib/:/usr/lib/
COLLECT_GCC_OPTIONS='-v' '-o' 'cmTC_895df' '-mtune=generic' '-march=x86-64'
 /usr/lib/gcc/x86_64-linux-gnu/9/collect2 -plugin /usr/lib/gcc/x86_64-linux-gnu/9/liblto_plugin.so -plugin-opt=/usr/lib/gcc/x86_64-linux-gnu/9/lto-wrapper -plugin-opt=-fresolution=/tmp/ccqxYyWJ.res -plugin-opt=-pass-through=-lgcc -plugin-opt=-pass-through=-lgcc_s -plugin-opt=-pass-through=-lc -plugin-opt=-pass-through=-lgcc -plugin-opt=-pass-through=-lgcc_s --build-id --eh-frame-hdr -m elf_x86_64 --hash-style=gnu --as-needed -dynamic-linker /lib64/ld-linux-x86-64.so.2 -pie -z now -z relro -o cmTC_895df /usr/lib/gcc/x86_64-linux-gnu/9/../../../x86_64-linux-gnu/Scrt1.o /usr/lib/gcc/x86_64-linux-gnu/9/../../../x86_64-linux-gnu/crti.o /usr/lib/gcc/x86_64-linux-gnu/9/crtbeginS.o -L/usr/lib/gcc/x86_64-linux-gnu/9 -L/usr/lib/gcc/x86_64-linux-gnu/9/../../../x86_64-linux-gnu -L/usr/lib/gcc/x86_64-linux-gnu/9/../../../../lib -L/lib/x86_64-linux-gnu -L/lib/../lib -L/usr/lib/x86_64-linux-gnu -L/usr/lib/../lib -L/usr/lib/gcc/x86_64-linux-gnu/9/../../.. CMakeFiles/cmTC_895df.dir/CMakeCCompilerABI.c.o -lgcc --push-state --as-needed -lgcc_s --pop-state -lc -lgcc --push-state --as-needed -lgcc_s --pop-state /usr/lib/gcc/x86_64-linux-gnu/9/crtendS.o /usr/lib/gcc/x86_64-linux-gnu/9/../../../x86_64-linux-gnu/crtn.o
COLLECT_GCC_OPTIONS='-v' '-o' 'cmTC_895df' '-mtune=generic' '-march=x86-64'
make[1]: Leaving directory '/home/anton/Documents/code/dap-sdk/CMakeFiles/CMakeTmp'



Parsed C implicit include dir info from above output: rv=done
  found start of include info
  found start of implicit include info
    add: [/usr/lib/gcc/x86_64-linux-gnu/9/include]
    add: [/usr/local/include]
    add: [/usr/include/x86_64-linux-gnu]
    add: [/usr/include]
  end of search list found
  collapse include dir [/usr/lib/gcc/x86_64-linux-gnu/9/include] ==> [/usr/lib/gcc/x86_64-linux-gnu/9/include]
  collapse include dir [/usr/local/include] ==> [/usr/local/include]
  collapse include dir [/usr/include/x86_64-linux-gnu] ==> [/usr/include/x86_64-linux-gnu]
  collapse include dir [/usr/include] ==> [/usr/include]
  implicit include dirs: [/usr/lib/gcc/x86_64-linux-gnu/9/include;/usr/local/include;/usr/include/x86_64-linux-gnu;/usr/include]


Parsed C implicit link information from above output:
  link line regex: [^( *|.*[/\])(ld|CMAKE_LINK_STARTFILE-NOTFOUND|([^/\]+-)?ld|collect2)[^/\]*( |$)]
  ignore line: [Change Dir: /home/anton/Documents/code/dap-sdk/CMakeFiles/CMakeTmp]
  ignore line: []
  ignore line: [Run Build Command(s):/usr/bin/make cmTC_895df/fast && /usr/bin/make -f CMakeFiles/cmTC_895df.dir/build.make CMakeFiles/cmTC_895df.dir/build]
  ignore line: [make[1]: Entering directory '/home/anton/Documents/code/dap-sdk/CMakeFiles/CMakeTmp']
  ignore line: [Building C object CMakeFiles/cmTC_895df.dir/CMakeCCompilerABI.c.o]
  ignore line: [/usr/bin/cc   -v -o CMakeFiles/cmTC_895df.dir/CMakeCCompilerABI.c.o   -c /usr/share/cmake-3.16/Modules/CMakeCCompilerABI.c]
  ignore line: [Using built-in specs.]
  ignore line: [COLLECT_GCC=/usr/bin/cc]
  ignore line: [OFFLOAD_TARGET_NAMES=nvptx-none:hsa]
  ignore line: [OFFLOAD_TARGET_DEFAULT=1]
  ignore line: [Target: x86_64-linux-gnu]
  ignore line: [Configured with: ../src/configure -v --with-pkgversion='Ubuntu 9.4.0-1ubuntu1~20.04.2' --with-bugurl=file:///usr/share/doc/gcc-9/README.Bugs --enable-languages=c ada c++ go brig d fortran objc obj-c++ gm2 --prefix=/usr --with-gcc-major-version-only --program-suffix=-9 --program-prefix=x86_64-linux-gnu- --enable-shared --enable-linker-build-id --libexecdir=/usr/lib --without-included-gettext --enable-threads=posix --libdir=/usr/lib --enable-nls --enable-clocale=gnu --enable-libstdcxx-debug --enable-libstdcxx-time=yes --with-default-libstdcxx-abi=new --enable-gnu-unique-object --disable-vtable-verify --enable-plugin --enable-default-pie --with-system-zlib --with-target-system-zlib=auto --enable-objc-gc=auto --enable-multiarch --disable-werror --with-arch-32=i686 --with-abi=m64 --with-multilib-list=m32 m64 mx32 --enable-multilib --with-tune=generic --enable-offload-targets=nvptx-none=/build/gcc-9-9QDOt0/gcc-9-9.4.0/debian/tmp-nvptx/usr hsa --without-cuda-driver --enable-checking=release --build=x86_64-linux-gnu --host=x86_64-linux-gnu --target=x86_64-linux-gnu]
  ignore line: [Thread model: posix]
  ignore line: [gcc version 9.4.0 (Ubuntu 9.4.0-1ubuntu1~20.04.2) ]
  ignore line: [COLLECT_GCC_OPTIONS='-v' '-o' 'CMakeFiles/cmTC_895df.dir/CMakeCCompilerABI.c.o' '-c' '-mtune=generic' '-march=x86-64']
  ignore line: [ /usr/lib/gcc/x86_64-linux-gnu/9/cc1 -quiet -v -imultiarch x86_64-linux-gnu /usr/share/cmake-3.16/Modules/CMakeCCompilerABI.c -quiet -dumpbase CMakeCCompilerABI.c -mtune=generic -march=x86-64 -auxbase-strip CMakeFiles/cmTC_895df.dir/CMakeCCompilerABI.c.o -version -fasynchronous-unwind-tables -fstack-protector-strong -Wformat -Wformat-security -fstack-clash-protection -fcf-protection -o /tmp/cc9ajn7k.s]
  ignore line: [GNU C17 (Ubuntu 9.4.0-1ubuntu1~20.04.2) version 9.4.0 (x86_64-linux-gnu)]
  ignore line: [	compiled by GNU C version 9.4.0  GMP version 6.2.0  MPFR version 4.0.2  MPC version 1.1.0  isl version isl-0.22.1-GMP]
  ignore line: []
  ignore line: [GGC heuristics: --param ggc-min-expand=100 --param ggc-min-heapsize=131072]
  ignore line: [ignoring nonexistent directory "/usr/local/include/x86_64-linux-gnu"]
  ignore line: [ignoring nonexistent directory "/usr/lib/gcc/x86_64-linux-gnu/9/include-fixed"]
  ignore line: [ignoring nonexistent directory "/usr/lib/gcc/x86_64-linux-gnu/9/../../../../x86_64-linux-gnu/include"]
  ignore line: [#include "..." search starts here:]
  ignore line: [#include <...> search starts here:]
  ignore line: [ /usr/lib/gcc/x86_64-linux-gnu/9/include]
  ignore line: [ /usr/local/include]
  ignore line: [ /usr/include/x86_64-linux-gnu]
  ignore line: [ /usr/include]
  ignore line: [End of search list.]
  ignore line: [GNU C17 (Ubuntu 9.4.0-1ubuntu1~20.04.2) version 9.4.0 (x86_64-linux-gnu)]
  ignore line: [	compiled by GNU C version 9.4.0  GMP version 6.2.0  MPFR version 4.0.2  MPC version 1.1.0  isl version isl-0.22.1-GMP]
  ignore line: []
  ignore line: [GGC heuristics: --param ggc-min-expand=100 --param ggc-min-heapsize=131072]
  ignore line: [Compiler executable checksum: 01da938ff5dc2163489aa33cb3b747a7]
  ignore line: [COLLECT_GCC_OPTIONS='-v' '-o' 'CMakeFiles/cmTC_895df.dir/CMakeCCompilerABI.c.o' '-c' '-mtune=generic' '-march=x86-64']
  ignore line: [ as -v --64 -o CMakeFiles/cmTC_895df.dir/CMakeCCompilerABI.c.o /tmp/cc9ajn7k.s]
  ignore line: [GNU assembler version 2.34 (x86_64-linux-gnu) using BFD version (GNU Binutils for Ubuntu) 2.34]
  ignore line: [COMPILER_PATH=/usr/lib/gcc/x86_64-linux-gnu/9/:/usr/lib/gcc/x86_64-linux-gnu/9/:/usr/lib/gcc/x86_64-linux-gnu/:/usr/lib/gcc/x86_64-linux-gnu/9/:/usr/lib/gcc/x86_64-linux-gnu/]
  ignore line: [LIBRARY_PATH=/usr/lib/gcc/x86_64-linux-gnu/9/:/usr/lib/gcc/x86_64-linux-gnu/9/../../../x86_64-linux-gnu/:/usr/lib/gcc/x86_64-linux-gnu/9/../../../../lib/:/lib/x86_64-linux-gnu/:/lib/../lib/:/usr/lib/x86_64-linux-gnu/:/usr/lib/../lib/:/usr/lib/gcc/x86_64-linux-gnu/9/../../../:/lib/:/usr/lib/]
  ignore line: [COLLECT_GCC_OPTIONS='-v' '-o' 'CMakeFiles/cmTC_895df.dir/CMakeCCompilerABI.c.o' '-c' '-mtune=generic' '-march=x86-64']
  ignore line: [Linking C executable cmTC_895df]
  ignore line: [/usr/bin/cmake -E cmake_link_script CMakeFiles/cmTC_895df.dir/link.txt --verbose=1]
  ignore line: [/usr/bin/cc     -v CMakeFiles/cmTC_895df.dir/CMakeCCompilerABI.c.o  -o cmTC_895df ]
  ignore line: [Using built-in specs.]
  ignore line: [COLLECT_GCC=/usr/bin/cc]
  ignore line: [COLLECT_LTO_WRAPPER=/usr/lib/gcc/x86_64-linux-gnu/9/lto-wrapper]
  ignore line: [OFFLOAD_TARGET_NAMES=nvptx-none:hsa]
  ignore line: [OFFLOAD_TARGET_DEFAULT=1]
  ignore line: [Target: x86_64-linux-gnu]
  ignore line: [Configured with: ../src/configure -v --with-pkgversion='Ubuntu 9.4.0-1ubuntu1~20.04.2' --with-bugurl=file:///usr/share/doc/gcc-9/README.Bugs --enable-languages=c ada c++ go brig d fortran objc obj-c++ gm2 --prefix=/usr --with-gcc-major-version-only --program-suffix=-9 --program-prefix=x86_64-linux-gnu- --enable-shared --enable-linker-build-id --libexecdir=/usr/lib --without-included-gettext --enable-threads=posix --libdir=/usr/lib --enable-nls --enable-clocale=gnu --enable-libstdcxx-debug --enable-libstdcxx-time=yes --with-default-libstdcxx-abi=new --enable-gnu-unique-object --disable-vtable-verify --enable-plugin --enable-default-pie --with-system-zlib --with-target-system-zlib=auto --enable-objc-gc=auto --enable-multiarch --disable-werror --with-arch-32=i686 --with-abi=m64 --with-multilib-list=m32 m64 mx32 --enable-multilib --with-tune=generic --enable-offload-targets=nvptx-none=/build/gcc-9-9QDOt0/gcc-9-9.4.0/debian/tmp-nvptx/usr hsa --without-cuda-driver --enable-checking=release --build=x86_64-linux-gnu --host=x86_64-linux-gnu --target=x86_64-linux-gnu]
  ignore line: [Thread model: posix]
  ignore line: [gcc version 9.4.0 (Ubuntu 9.4.0-1ubuntu1~20.04.2) ]
  ignore line: [COMPILER_PATH=/usr/lib/gcc/x86_64-linux-gnu/9/:/usr/lib/gcc/x86_64-linux-gnu/9/:/usr/lib/gcc/x86_64-linux-gnu/:/usr/lib/gcc/x86_64-linux-gnu/9/:/usr/lib/gcc/x86_64-linux-gnu/]
  ignore line: [LIBRARY_PATH=/usr/lib/gcc/x86_64-linux-gnu/9/:/usr/lib/gcc/x86_64-linux-gnu/9/../../../x86_64-linux-gnu/:/usr/lib/gcc/x86_64-linux-gnu/9/../../../../lib/:/lib/x86_64-linux-gnu/:/lib/../lib/:/usr/lib/x86_64-linux-gnu/:/usr/lib/../lib/:/usr/lib/gcc/x86_64-linux-gnu/9/../../../:/lib/:/usr/lib/]
  ignore line: [COLLECT_GCC_OPTIONS='-v' '-o' 'cmTC_895df' '-mtune=generic' '-march=x86-64']
  link line: [ /usr/lib/gcc/x86_64-linux-gnu/9/collect2 -plugin /usr/lib/gcc/x86_64-linux-gnu/9/liblto_plugin.so -plugin-opt=/usr/lib/gcc/x86_64-linux-gnu/9/lto-wrapper -plugin-opt=-fresolution=/tmp/ccqxYyWJ.res -plugin-opt=-pass-through=-lgcc -plugin-opt=-pass-through=-lgcc_s -plugin-opt=-pass-through=-lc -plugin-opt=-pass-through=-lgcc -plugin-opt=-pass-through=-lgcc_s --build-id --eh-frame-hdr -m elf_x86_64 --hash-style=gnu --as-needed -dynamic-linker /lib64/ld-linux-x86-64.so.2 -pie -z now -z relro -o cmTC_895df /usr/lib/gcc/x86_64-linux-gnu/9/../../../x86_64-linux-gnu/Scrt1.o /usr/lib/gcc/x86_64-linux-gnu/9/../../../x86_64-linux-gnu/crti.o /usr/lib/gcc/x86_64-linux-gnu/9/crtbeginS.o -L/usr/lib/gcc/x86_64-linux-gnu/9 -L/usr/lib/gcc/x86_64-linux-gnu/9/../../../x86_64-linux-gnu -L/usr/lib/gcc/x86_64-linux-gnu/9/../../../../lib -L/lib/x86_64-linux-gnu -L/lib/../lib -L/usr/lib/x86_64-linux-gnu -L/usr/lib/../lib -L/usr/lib/gcc/x86_64-linux-gnu/9/../../.. CMakeFiles/cmTC_895df.dir/CMakeCCompilerABI.c.o -lgcc --push-state --as-needed -lgcc_s --pop-state -lc -lgcc --push-state --as-needed -lgcc_s --pop-state /usr/lib/gcc/x86_64-linux-gnu/9/crtendS.o /usr/lib/gcc/x86_64-linux-gnu/9/../../../x86_64-linux-gnu/crtn.o]
    arg [/usr/lib/gcc/x86_64-linux-gnu/9/collect2] ==> ignore
    arg [-plugin] ==> ignore
    arg [/usr/lib/gcc/x86_64-linux-gnu/9/liblto_plugin.so] ==> ignore
    arg [-plugin-opt=/usr/lib/gcc/x86_64-linux-gnu/9/lto-wrapper] ==> ignore
    arg [-plugin-opt=-fresolution=/tmp/ccqxYyWJ.res] ==> ignore
    arg [-plugin-opt=-pass-through=-lgcc] ==> ignore
    arg [-plugin-opt=-pass-through=-lgcc_s] ==> ignore
    arg [-plugin-opt=-pass-through=-lc] ==> ignore
    arg [-plugin-opt=-pass-through=-lgcc] ==> ignore
    arg [-plugin-opt=-pass-through=-lgcc_s] ==> ignore
    arg [--build-id] ==> ignore
    arg [--eh-frame-hdr] ==> ignore
    arg [-m] ==> ignore
    arg [elf_x86_64] ==> ignore
    arg [--hash-style=gnu] ==> ignore
    arg [--as-needed] ==> ignore
    arg [-dynamic-linker] ==> ignore
    arg [/lib64/ld-linux-x86-64.so.2] ==> ignore
    arg [-pie] ==> ignore
    arg [-znow] ==> ignore
    arg [-zrelro] ==> ignore
    arg [-o] ==> ignore
    arg [cmTC_895df] ==> ignore
    arg [/usr/lib/gcc/x86_64-linux-gnu/9/../../../x86_64-linux-gnu/Scrt1.o] ==> ignore
    arg [/usr/lib/gcc/x86_64-linux-gnu/9/../../../x86_64-linux-gnu/crti.o] ==> ignore
    arg [/usr/lib/gcc/x86_64-linux-gnu/9/crtbeginS.o] ==> ignore
    arg [-L/usr/lib/gcc/x86_64-linux-gnu/9] ==> dir [/usr/lib/gcc/x86_64-linux-gnu/9]
    arg [-L/usr/lib/gcc/x86_64-linux-gnu/9/../../../x86_64-linux-gnu] ==> dir [/usr/lib/gcc/x86_64-linux-gnu/9/../../../x86_64-linux-gnu]
    arg [-L/usr/lib/gcc/x86_64-linux-gnu/9/../../../../lib] ==> dir [/usr/lib/gcc/x86_64-linux-gnu/9/../../../../lib]
    arg [-L/lib/x86_64-linux-gnu] ==> dir [/lib/x86_64-linux-gnu]
    arg [-L/lib/../lib] ==> dir [/lib/../lib]
    arg [-L/usr/lib/x86_64-linux-gnu] ==> dir [/usr/lib/x86_64-linux-gnu]
    arg [-L/usr/lib/../lib] ==> dir [/usr/lib/../lib]
    arg [-L/usr/lib/gcc/x86_64-linux-gnu/9/../../..] ==> dir [/usr/lib/gcc/x86_64-linux-gnu/9/../../..]
    arg [CMakeFiles/cmTC_895df.dir/CMakeCCompilerABI.c.o] ==> ignore
    arg [-lgcc] ==> lib [gcc]
    arg [--push-state] ==> ignore
    arg [--as-needed] ==> ignore
    arg [-lgcc_s] ==> lib [gcc_s]
    arg [--pop-state] ==> ignore
    arg [-lc] ==> lib [c]
    arg [-lgcc] ==> lib [gcc]
    arg [--push-state] ==> ignore
    arg [--as-needed] ==> ignore
    arg [-lgcc_s] ==> lib [gcc_s]
    arg [--pop-state] ==> ignore
    arg [/usr/lib/gcc/x86_64-linux-gnu/9/crtendS.o] ==> ignore
    arg [/usr/lib/gcc/x86_64-linux-gnu/9/../../../x86_64-linux-gnu/crtn.o] ==> ignore
  collapse library dir [/usr/lib/gcc/x86_64-linux-gnu/9] ==> [/usr/lib/gcc/x86_64-linux-gnu/9]
  collapse library dir [/usr/lib/gcc/x86_64-linux-gnu/9/../../../x86_64-linux-gnu] ==> [/usr/lib/x86_64-linux-gnu]
  collapse library dir [/usr/lib/gcc/x86_64-linux-gnu/9/../../../../lib] ==> [/usr/lib]
  collapse library dir [/lib/x86_64-linux-gnu] ==> [/lib/x86_64-linux-gnu]
  collapse library dir [/lib/../lib] ==> [/lib]
  collapse library dir [/usr/lib/x86_64-linux-gnu] ==> [/usr/lib/x86_64-linux-gnu]
  collapse library dir [/usr/lib/../lib] ==> [/usr/lib]
  collapse library dir [/usr/lib/gcc/x86_64-linux-gnu/9/../../..] ==> [/usr/lib]
  implicit libs: [gcc;gcc_s;c;gcc;gcc_s]
  implicit dirs: [/usr/lib/gcc/x86_64-linux-gnu/9;/usr/lib/x86_64-linux-gnu;/usr/lib;/lib/x86_64-linux-gnu;/lib]
  implicit fwks: []


Determining if the include file fcntl.h exists passed with the following output:
Change Dir: /home/anton/Documents/code/dap-sdk/CMakeFiles/CMakeTmp

Run Build Command(s):/usr/bin/make cmTC_cb206/fast && /usr/bin/make -f CMakeFiles/cmTC_cb206.dir/build.make CMakeFiles/cmTC_cb206.dir/build
make[1]: Entering directory '/home/anton/Documents/code/dap-sdk/CMakeFiles/CMakeTmp'
Building C object CMakeFiles/cmTC_cb206.dir/CheckIncludeFile.c.o
/usr/bin/cc -D_GNU_SOURCE  -fPIE   -o CMakeFiles/cmTC_cb206.dir/CheckIncludeFile.c.o   -c /home/anton/Documents/code/dap-sdk/CMakeFiles/CMakeTmp/CheckIncludeFile.c
Linking C executable cmTC_cb206
/usr/bin/cmake -E cmake_link_script CMakeFiles/cmTC_cb206.dir/link.txt --verbose=1
/usr/bin/cc      CMakeFiles/cmTC_cb206.dir/CheckIncludeFile.c.o  -o cmTC_cb206  -lm 
make[1]: Leaving directory '/home/anton/Documents/code/dap-sdk/CMakeFiles/CMakeTmp'



Determining if the include file inttypes.h exists passed with the following output:
Change Dir: /home/anton/Documents/code/dap-sdk/CMakeFiles/CMakeTmp

Run Build Command(s):/usr/bin/make cmTC_b7ac2/fast && /usr/bin/make -f CMakeFiles/cmTC_b7ac2.dir/build.make CMakeFiles/cmTC_b7ac2.dir/build
make[1]: Entering directory '/home/anton/Documents/code/dap-sdk/CMakeFiles/CMakeTmp'
Building C object CMakeFiles/cmTC_b7ac2.dir/CheckIncludeFile.c.o
/usr/bin/cc -D_GNU_SOURCE  -fPIE   -o CMakeFiles/cmTC_b7ac2.dir/CheckIncludeFile.c.o   -c /home/anton/Documents/code/dap-sdk/CMakeFiles/CMakeTmp/CheckIncludeFile.c
Linking C executable cmTC_b7ac2
/usr/bin/cmake -E cmake_link_script CMakeFiles/cmTC_b7ac2.dir/link.txt --verbose=1
/usr/bin/cc      CMakeFiles/cmTC_b7ac2.dir/CheckIncludeFile.c.o  -o cmTC_b7ac2  -lm 
make[1]: Leaving directory '/home/anton/Documents/code/dap-sdk/CMakeFiles/CMakeTmp'



Determining if the include file stdarg.h exists passed with the following output:
Change Dir: /home/anton/Documents/code/dap-sdk/CMakeFiles/CMakeTmp

Run Build Command(s):/usr/bin/make cmTC_b5956/fast && /usr/bin/make -f CMakeFiles/cmTC_b5956.dir/build.make CMakeFiles/cmTC_b5956.dir/build
make[1]: Entering directory '/home/anton/Documents/code/dap-sdk/CMakeFiles/CMakeTmp'
Building C object CMakeFiles/cmTC_b5956.dir/CheckIncludeFile.c.o
/usr/bin/cc -D_GNU_SOURCE  -fPIE   -o CMakeFiles/cmTC_b5956.dir/CheckIncludeFile.c.o   -c /home/anton/Documents/code/dap-sdk/CMakeFiles/CMakeTmp/CheckIncludeFile.c
Linking C executable cmTC_b5956
/usr/bin/cmake -E cmake_link_script CMakeFiles/cmTC_b5956.dir/link.txt --verbose=1
/usr/bin/cc      CMakeFiles/cmTC_b5956.dir/CheckIncludeFile.c.o  -o cmTC_b5956  -lm 
make[1]: Leaving directory '/home/anton/Documents/code/dap-sdk/CMakeFiles/CMakeTmp'



Determining if the include file strings.h exists passed with the following output:
Change Dir: /home/anton/Documents/code/dap-sdk/CMakeFiles/CMakeTmp

Run Build Command(s):/usr/bin/make cmTC_02c58/fast && /usr/bin/make -f CMakeFiles/cmTC_02c58.dir/build.make CMakeFiles/cmTC_02c58.dir/build
make[1]: Entering directory '/home/anton/Documents/code/dap-sdk/CMakeFiles/CMakeTmp'
Building C object CMakeFiles/cmTC_02c58.dir/CheckIncludeFile.c.o
/usr/bin/cc -D_GNU_SOURCE  -fPIE   -o CMakeFiles/cmTC_02c58.dir/CheckIncludeFile.c.o   -c /home/anton/Documents/code/dap-sdk/CMakeFiles/CMakeTmp/CheckIncludeFile.c
Linking C executable cmTC_02c58
/usr/bin/cmake -E cmake_link_script CMakeFiles/cmTC_02c58.dir/link.txt --verbose=1
/usr/bin/cc      CMakeFiles/cmTC_02c58.dir/CheckIncludeFile.c.o  -o cmTC_02c58  -lm 
make[1]: Leaving directory '/home/anton/Documents/code/dap-sdk/CMakeFiles/CMakeTmp'



Determining if the include file string.h exists passed with the following output:
Change Dir: /home/anton/Documents/code/dap-sdk/CMakeFiles/CMakeTmp

Run Build Command(s):/usr/bin/make cmTC_5bdb0/fast && /usr/bin/make -f CMakeFiles/cmTC_5bdb0.dir/build.make CMakeFiles/cmTC_5bdb0.dir/build
make[1]: Entering directory '/home/anton/Documents/code/dap-sdk/CMakeFiles/CMakeTmp'
Building C object CMakeFiles/cmTC_5bdb0.dir/CheckIncludeFile.c.o
/usr/bin/cc -D_GNU_SOURCE  -fPIE   -o CMakeFiles/cmTC_5bdb0.dir/CheckIncludeFile.c.o   -c /home/anton/Documents/code/dap-sdk/CMakeFiles/CMakeTmp/CheckIncludeFile.c
Linking C executable cmTC_5bdb0
/usr/bin/cmake -E cmake_link_script CMakeFiles/cmTC_5bdb0.dir/link.txt --verbose=1
/usr/bin/cc      CMakeFiles/cmTC_5bdb0.dir/CheckIncludeFile.c.o  -o cmTC_5bdb0  -lm 
make[1]: Leaving directory '/home/anton/Documents/code/dap-sdk/CMakeFiles/CMakeTmp'



Determining if the include file syslog.h exists passed with the following output:
Change Dir: /home/anton/Documents/code/dap-sdk/CMakeFiles/CMakeTmp

Run Build Command(s):/usr/bin/make cmTC_52881/fast && /usr/bin/make -f CMakeFiles/cmTC_52881.dir/build.make CMakeFiles/cmTC_52881.dir/build
make[1]: Entering directory '/home/anton/Documents/code/dap-sdk/CMakeFiles/CMakeTmp'
Building C object CMakeFiles/cmTC_52881.dir/CheckIncludeFile.c.o
/usr/bin/cc -D_GNU_SOURCE  -fPIE   -o CMakeFiles/cmTC_52881.dir/CheckIncludeFile.c.o   -c /home/anton/Documents/code/dap-sdk/CMakeFiles/CMakeTmp/CheckIncludeFile.c
Linking C executable cmTC_52881
/usr/bin/cmake -E cmake_link_script CMakeFiles/cmTC_52881.dir/link.txt --verbose=1
/usr/bin/cc      CMakeFiles/cmTC_52881.dir/CheckIncludeFile.c.o  -o cmTC_52881  -lm 
make[1]: Leaving directory '/home/anton/Documents/code/dap-sdk/CMakeFiles/CMakeTmp'



Determining if files stdlib.h;stdarg.h;string.h;float.h exist passed with the following output:
Change Dir: /home/anton/Documents/code/dap-sdk/CMakeFiles/CMakeTmp

Run Build Command(s):/usr/bin/make cmTC_4387c/fast && /usr/bin/make -f CMakeFiles/cmTC_4387c.dir/build.make CMakeFiles/cmTC_4387c.dir/build
make[1]: Entering directory '/home/anton/Documents/code/dap-sdk/CMakeFiles/CMakeTmp'
Building C object CMakeFiles/cmTC_4387c.dir/STDC_HEADERS.c.o
/usr/bin/cc -D_GNU_SOURCE  -fPIE   -o CMakeFiles/cmTC_4387c.dir/STDC_HEADERS.c.o   -c /home/anton/Documents/code/dap-sdk/CMakeFiles/CheckIncludeFiles/STDC_HEADERS.c
Linking C executable cmTC_4387c
/usr/bin/cmake -E cmake_link_script CMakeFiles/cmTC_4387c.dir/link.txt --verbose=1
/usr/bin/cc      CMakeFiles/cmTC_4387c.dir/STDC_HEADERS.c.o  -o cmTC_4387c  -lm 
make[1]: Leaving directory '/home/anton/Documents/code/dap-sdk/CMakeFiles/CMakeTmp'



Determining if the include file unistd.h exists passed with the following output:
Change Dir: /home/anton/Documents/code/dap-sdk/CMakeFiles/CMakeTmp

Run Build Command(s):/usr/bin/make cmTC_ae686/fast && /usr/bin/make -f CMakeFiles/cmTC_ae686.dir/build.make CMakeFiles/cmTC_ae686.dir/build
make[1]: Entering directory '/home/anton/Documents/code/dap-sdk/CMakeFiles/CMakeTmp'
Building C object CMakeFiles/cmTC_ae686.dir/CheckIncludeFile.c.o
/usr/bin/cc -D_GNU_SOURCE  -fPIE   -o CMakeFiles/cmTC_ae686.dir/CheckIncludeFile.c.o   -c /home/anton/Documents/code/dap-sdk/CMakeFiles/CMakeTmp/CheckIncludeFile.c
Linking C executable cmTC_ae686
/usr/bin/cmake -E cmake_link_script CMakeFiles/cmTC_ae686.dir/link.txt --verbose=1
/usr/bin/cc      CMakeFiles/cmTC_ae686.dir/CheckIncludeFile.c.o  -o cmTC_ae686  -lm 
make[1]: Leaving directory '/home/anton/Documents/code/dap-sdk/CMakeFiles/CMakeTmp'



Determining if the include file sys/types.h exists passed with the following output:
Change Dir: /home/anton/Documents/code/dap-sdk/CMakeFiles/CMakeTmp

Run Build Command(s):/usr/bin/make cmTC_1ab1e/fast && /usr/bin/make -f CMakeFiles/cmTC_1ab1e.dir/build.make CMakeFiles/cmTC_1ab1e.dir/build
make[1]: Entering directory '/home/anton/Documents/code/dap-sdk/CMakeFiles/CMakeTmp'
Building C object CMakeFiles/cmTC_1ab1e.dir/CheckIncludeFile.c.o
/usr/bin/cc -D_GNU_SOURCE  -fPIE   -o CMakeFiles/cmTC_1ab1e.dir/CheckIncludeFile.c.o   -c /home/anton/Documents/code/dap-sdk/CMakeFiles/CMakeTmp/CheckIncludeFile.c
Linking C executable cmTC_1ab1e
/usr/bin/cmake -E cmake_link_script CMakeFiles/cmTC_1ab1e.dir/link.txt --verbose=1
/usr/bin/cc      CMakeFiles/cmTC_1ab1e.dir/CheckIncludeFile.c.o  -o cmTC_1ab1e  -lm 
make[1]: Leaving directory '/home/anton/Documents/code/dap-sdk/CMakeFiles/CMakeTmp'



Determining if the include file sys/resource.h exists passed with the following output:
Change Dir: /home/anton/Documents/code/dap-sdk/CMakeFiles/CMakeTmp

Run Build Command(s):/usr/bin/make cmTC_bdcb4/fast && /usr/bin/make -f CMakeFiles/cmTC_bdcb4.dir/build.make CMakeFiles/cmTC_bdcb4.dir/build
make[1]: Entering directory '/home/anton/Documents/code/dap-sdk/CMakeFiles/CMakeTmp'
Building C object CMakeFiles/cmTC_bdcb4.dir/CheckIncludeFile.c.o
/usr/bin/cc -D_GNU_SOURCE  -fPIE   -o CMakeFiles/cmTC_bdcb4.dir/CheckIncludeFile.c.o   -c /home/anton/Documents/code/dap-sdk/CMakeFiles/CMakeTmp/CheckIncludeFile.c
Linking C executable cmTC_bdcb4
/usr/bin/cmake -E cmake_link_script CMakeFiles/cmTC_bdcb4.dir/link.txt --verbose=1
/usr/bin/cc      CMakeFiles/cmTC_bdcb4.dir/CheckIncludeFile.c.o  -o cmTC_bdcb4  -lm 
make[1]: Leaving directory '/home/anton/Documents/code/dap-sdk/CMakeFiles/CMakeTmp'



Determining if the include file dlfcn.h exists passed with the following output:
Change Dir: /home/anton/Documents/code/dap-sdk/CMakeFiles/CMakeTmp

Run Build Command(s):/usr/bin/make cmTC_df79c/fast && /usr/bin/make -f CMakeFiles/cmTC_df79c.dir/build.make CMakeFiles/cmTC_df79c.dir/build
make[1]: Entering directory '/home/anton/Documents/code/dap-sdk/CMakeFiles/CMakeTmp'
Building C object CMakeFiles/cmTC_df79c.dir/CheckIncludeFile.c.o
/usr/bin/cc -D_GNU_SOURCE  -fPIE   -o CMakeFiles/cmTC_df79c.dir/CheckIncludeFile.c.o   -c /home/anton/Documents/code/dap-sdk/CMakeFiles/CMakeTmp/CheckIncludeFile.c
Linking C executable cmTC_df79c
/usr/bin/cmake -E cmake_link_script CMakeFiles/cmTC_df79c.dir/link.txt --verbose=1
/usr/bin/cc      CMakeFiles/cmTC_df79c.dir/CheckIncludeFile.c.o  -o cmTC_df79c  -lm 
make[1]: Leaving directory '/home/anton/Documents/code/dap-sdk/CMakeFiles/CMakeTmp'



Determining if the include file endian.h exists passed with the following output:
Change Dir: /home/anton/Documents/code/dap-sdk/CMakeFiles/CMakeTmp

Run Build Command(s):/usr/bin/make cmTC_60497/fast && /usr/bin/make -f CMakeFiles/cmTC_60497.dir/build.make CMakeFiles/cmTC_60497.dir/build
make[1]: Entering directory '/home/anton/Documents/code/dap-sdk/CMakeFiles/CMakeTmp'
Building C object CMakeFiles/cmTC_60497.dir/CheckIncludeFile.c.o
/usr/bin/cc -D_GNU_SOURCE  -fPIE   -o CMakeFiles/cmTC_60497.dir/CheckIncludeFile.c.o   -c /home/anton/Documents/code/dap-sdk/CMakeFiles/CMakeTmp/CheckIncludeFile.c
Linking C executable cmTC_60497
/usr/bin/cmake -E cmake_link_script CMakeFiles/cmTC_60497.dir/link.txt --verbose=1
/usr/bin/cc      CMakeFiles/cmTC_60497.dir/CheckIncludeFile.c.o  -o cmTC_60497  -lm 
make[1]: Leaving directory '/home/anton/Documents/code/dap-sdk/CMakeFiles/CMakeTmp'



Determining if the include file limits.h exists passed with the following output:
Change Dir: /home/anton/Documents/code/dap-sdk/CMakeFiles/CMakeTmp

Run Build Command(s):/usr/bin/make cmTC_a3de5/fast && /usr/bin/make -f CMakeFiles/cmTC_a3de5.dir/build.make CMakeFiles/cmTC_a3de5.dir/build
make[1]: Entering directory '/home/anton/Documents/code/dap-sdk/CMakeFiles/CMakeTmp'
Building C object CMakeFiles/cmTC_a3de5.dir/CheckIncludeFile.c.o
/usr/bin/cc -D_GNU_SOURCE  -fPIE   -o CMakeFiles/cmTC_a3de5.dir/CheckIncludeFile.c.o   -c /home/anton/Documents/code/dap-sdk/CMakeFiles/CMakeTmp/CheckIncludeFile.c
Linking C executable cmTC_a3de5
/usr/bin/cmake -E cmake_link_script CMakeFiles/cmTC_a3de5.dir/link.txt --verbose=1
/usr/bin/cc      CMakeFiles/cmTC_a3de5.dir/CheckIncludeFile.c.o  -o cmTC_a3de5  -lm 
make[1]: Leaving directory '/home/anton/Documents/code/dap-sdk/CMakeFiles/CMakeTmp'



Determining if the include file locale.h exists passed with the following output:
Change Dir: /home/anton/Documents/code/dap-sdk/CMakeFiles/CMakeTmp

Run Build Command(s):/usr/bin/make cmTC_88d1a/fast && /usr/bin/make -f CMakeFiles/cmTC_88d1a.dir/build.make CMakeFiles/cmTC_88d1a.dir/build
make[1]: Entering directory '/home/anton/Documents/code/dap-sdk/CMakeFiles/CMakeTmp'
Building C object CMakeFiles/cmTC_88d1a.dir/CheckIncludeFile.c.o
/usr/bin/cc -D_GNU_SOURCE  -fPIE   -o CMakeFiles/cmTC_88d1a.dir/CheckIncludeFile.c.o   -c /home/anton/Documents/code/dap-sdk/CMakeFiles/CMakeTmp/CheckIncludeFile.c
Linking C executable cmTC_88d1a
/usr/bin/cmake -E cmake_link_script CMakeFiles/cmTC_88d1a.dir/link.txt --verbose=1
/usr/bin/cc      CMakeFiles/cmTC_88d1a.dir/CheckIncludeFile.c.o  -o cmTC_88d1a  -lm 
make[1]: Leaving directory '/home/anton/Documents/code/dap-sdk/CMakeFiles/CMakeTmp'



Determining if the include file memory.h exists passed with the following output:
Change Dir: /home/anton/Documents/code/dap-sdk/CMakeFiles/CMakeTmp

Run Build Command(s):/usr/bin/make cmTC_8a3cb/fast && /usr/bin/make -f CMakeFiles/cmTC_8a3cb.dir/build.make CMakeFiles/cmTC_8a3cb.dir/build
make[1]: Entering directory '/home/anton/Documents/code/dap-sdk/CMakeFiles/CMakeTmp'
Building C object CMakeFiles/cmTC_8a3cb.dir/CheckIncludeFile.c.o
/usr/bin/cc -D_GNU_SOURCE  -fPIE   -o CMakeFiles/cmTC_8a3cb.dir/CheckIncludeFile.c.o   -c /home/anton/Documents/code/dap-sdk/CMakeFiles/CMakeTmp/CheckIncludeFile.c
Linking C executable cmTC_8a3cb
/usr/bin/cmake -E cmake_link_script CMakeFiles/cmTC_8a3cb.dir/link.txt --verbose=1
/usr/bin/cc      CMakeFiles/cmTC_8a3cb.dir/CheckIncludeFile.c.o  -o cmTC_8a3cb  -lm 
make[1]: Leaving directory '/home/anton/Documents/code/dap-sdk/CMakeFiles/CMakeTmp'



Determining if the include file stdint.h exists passed with the following output:
Change Dir: /home/anton/Documents/code/dap-sdk/CMakeFiles/CMakeTmp

Run Build Command(s):/usr/bin/make cmTC_1fe60/fast && /usr/bin/make -f CMakeFiles/cmTC_1fe60.dir/build.make CMakeFiles/cmTC_1fe60.dir/build
make[1]: Entering directory '/home/anton/Documents/code/dap-sdk/CMakeFiles/CMakeTmp'
Building C object CMakeFiles/cmTC_1fe60.dir/CheckIncludeFile.c.o
/usr/bin/cc -D_GNU_SOURCE  -fPIE   -o CMakeFiles/cmTC_1fe60.dir/CheckIncludeFile.c.o   -c /home/anton/Documents/code/dap-sdk/CMakeFiles/CMakeTmp/CheckIncludeFile.c
Linking C executable cmTC_1fe60
/usr/bin/cmake -E cmake_link_script CMakeFiles/cmTC_1fe60.dir/link.txt --verbose=1
/usr/bin/cc      CMakeFiles/cmTC_1fe60.dir/CheckIncludeFile.c.o  -o cmTC_1fe60  -lm 
make[1]: Leaving directory '/home/anton/Documents/code/dap-sdk/CMakeFiles/CMakeTmp'



Determining if the include file stdlib.h exists passed with the following output:
Change Dir: /home/anton/Documents/code/dap-sdk/CMakeFiles/CMakeTmp

Run Build Command(s):/usr/bin/make cmTC_859ad/fast && /usr/bin/make -f CMakeFiles/cmTC_859ad.dir/build.make CMakeFiles/cmTC_859ad.dir/build
make[1]: Entering directory '/home/anton/Documents/code/dap-sdk/CMakeFiles/CMakeTmp'
Building C object CMakeFiles/cmTC_859ad.dir/CheckIncludeFile.c.o
/usr/bin/cc -D_GNU_SOURCE  -fPIE   -o CMakeFiles/cmTC_859ad.dir/CheckIncludeFile.c.o   -c /home/anton/Documents/code/dap-sdk/CMakeFiles/CMakeTmp/CheckIncludeFile.c
Linking C executable cmTC_859ad
/usr/bin/cmake -E cmake_link_script CMakeFiles/cmTC_859ad.dir/link.txt --verbose=1
/usr/bin/cc      CMakeFiles/cmTC_859ad.dir/CheckIncludeFile.c.o  -o cmTC_859ad  -lm 
make[1]: Leaving directory '/home/anton/Documents/code/dap-sdk/CMakeFiles/CMakeTmp'



Determining if the include file sys/cdefs.h exists passed with the following output:
Change Dir: /home/anton/Documents/code/dap-sdk/CMakeFiles/CMakeTmp

Run Build Command(s):/usr/bin/make cmTC_a382c/fast && /usr/bin/make -f CMakeFiles/cmTC_a382c.dir/build.make CMakeFiles/cmTC_a382c.dir/build
make[1]: Entering directory '/home/anton/Documents/code/dap-sdk/CMakeFiles/CMakeTmp'
Building C object CMakeFiles/cmTC_a382c.dir/CheckIncludeFile.c.o
/usr/bin/cc -D_GNU_SOURCE  -fPIE   -o CMakeFiles/cmTC_a382c.dir/CheckIncludeFile.c.o   -c /home/anton/Documents/code/dap-sdk/CMakeFiles/CMakeTmp/CheckIncludeFile.c
Linking C executable cmTC_a382c
/usr/bin/cmake -E cmake_link_script CMakeFiles/cmTC_a382c.dir/link.txt --verbose=1
/usr/bin/cc      CMakeFiles/cmTC_a382c.dir/CheckIncludeFile.c.o  -o cmTC_a382c  -lm 
make[1]: Leaving directory '/home/anton/Documents/code/dap-sdk/CMakeFiles/CMakeTmp'



Determining if the include file sys/param.h exists passed with the following output:
Change Dir: /home/anton/Documents/code/dap-sdk/CMakeFiles/CMakeTmp

Run Build Command(s):/usr/bin/make cmTC_9c13b/fast && /usr/bin/make -f CMakeFiles/cmTC_9c13b.dir/build.make CMakeFiles/cmTC_9c13b.dir/build
make[1]: Entering directory '/home/anton/Documents/code/dap-sdk/CMakeFiles/CMakeTmp'
Building C object CMakeFiles/cmTC_9c13b.dir/CheckIncludeFile.c.o
/usr/bin/cc -D_GNU_SOURCE  -fPIE   -o CMakeFiles/cmTC_9c13b.dir/CheckIncludeFile.c.o   -c /home/anton/Documents/code/dap-sdk/CMakeFiles/CMakeTmp/CheckIncludeFile.c
Linking C executable cmTC_9c13b
/usr/bin/cmake -E cmake_link_script CMakeFiles/cmTC_9c13b.dir/link.txt --verbose=1
/usr/bin/cc      CMakeFiles/cmTC_9c13b.dir/CheckIncludeFile.c.o  -o cmTC_9c13b  -lm 
make[1]: Leaving directory '/home/anton/Documents/code/dap-sdk/CMakeFiles/CMakeTmp'



Determining if the include file sys/random.h exists passed with the following output:
Change Dir: /home/anton/Documents/code/dap-sdk/CMakeFiles/CMakeTmp

Run Build Command(s):/usr/bin/make cmTC_1c338/fast && /usr/bin/make -f CMakeFiles/cmTC_1c338.dir/build.make CMakeFiles/cmTC_1c338.dir/build
make[1]: Entering directory '/home/anton/Documents/code/dap-sdk/CMakeFiles/CMakeTmp'
Building C object CMakeFiles/cmTC_1c338.dir/CheckIncludeFile.c.o
/usr/bin/cc -D_GNU_SOURCE  -fPIE   -o CMakeFiles/cmTC_1c338.dir/CheckIncludeFile.c.o   -c /home/anton/Documents/code/dap-sdk/CMakeFiles/CMakeTmp/CheckIncludeFile.c
Linking C executable cmTC_1c338
/usr/bin/cmake -E cmake_link_script CMakeFiles/cmTC_1c338.dir/link.txt --verbose=1
/usr/bin/cc      CMakeFiles/cmTC_1c338.dir/CheckIncludeFile.c.o  -o cmTC_1c338  -lm 
make[1]: Leaving directory '/home/anton/Documents/code/dap-sdk/CMakeFiles/CMakeTmp'



Determining if the include file sys/stat.h exists passed with the following output:
Change Dir: /home/anton/Documents/code/dap-sdk/CMakeFiles/CMakeTmp

Run Build Command(s):/usr/bin/make cmTC_c8418/fast && /usr/bin/make -f CMakeFiles/cmTC_c8418.dir/build.make CMakeFiles/cmTC_c8418.dir/build
make[1]: Entering directory '/home/anton/Documents/code/dap-sdk/CMakeFiles/CMakeTmp'
Building C object CMakeFiles/cmTC_c8418.dir/CheckIncludeFile.c.o
/usr/bin/cc -D_GNU_SOURCE  -fPIE   -o CMakeFiles/cmTC_c8418.dir/CheckIncludeFile.c.o   -c /home/anton/Documents/code/dap-sdk/CMakeFiles/CMakeTmp/CheckIncludeFile.c
Linking C executable cmTC_c8418
/usr/bin/cmake -E cmake_link_script CMakeFiles/cmTC_c8418.dir/link.txt --verbose=1
/usr/bin/cc      CMakeFiles/cmTC_c8418.dir/CheckIncludeFile.c.o  -o cmTC_c8418  -lm 
make[1]: Leaving directory '/home/anton/Documents/code/dap-sdk/CMakeFiles/CMakeTmp'



Determining if the INFINITY exist passed with the following output:
Change Dir: /home/anton/Documents/code/dap-sdk/CMakeFiles/CMakeTmp

Run Build Command(s):/usr/bin/make cmTC_9ce59/fast && /usr/bin/make -f CMakeFiles/cmTC_9ce59.dir/build.make CMakeFiles/cmTC_9ce59.dir/build
make[1]: Entering directory '/home/anton/Documents/code/dap-sdk/CMakeFiles/CMakeTmp'
Building C object CMakeFiles/cmTC_9ce59.dir/CheckSymbolExists.c.o
/usr/bin/cc -D_GNU_SOURCE  -fPIE   -o CMakeFiles/cmTC_9ce59.dir/CheckSymbolExists.c.o   -c /home/anton/Documents/code/dap-sdk/CMakeFiles/CMakeTmp/CheckSymbolExists.c
Linking C executable cmTC_9ce59
/usr/bin/cmake -E cmake_link_script CMakeFiles/cmTC_9ce59.dir/link.txt --verbose=1
/usr/bin/cc      CMakeFiles/cmTC_9ce59.dir/CheckSymbolExists.c.o  -o cmTC_9ce59  -lm 
make[1]: Leaving directory '/home/anton/Documents/code/dap-sdk/CMakeFiles/CMakeTmp'


File /home/anton/Documents/code/dap-sdk/CMakeFiles/CMakeTmp/CheckSymbolExists.c:
/* */
#include <math.h>

int main(int argc, char** argv)
{
  (void)argv;
#ifndef INFINITY
  return ((int*)(&INFINITY))[argc];
#else
  (void)argc;
  return 0;
#endif
}
Determining if the isinf exist passed with the following output:
Change Dir: /home/anton/Documents/code/dap-sdk/CMakeFiles/CMakeTmp

Run Build Command(s):/usr/bin/make cmTC_7b7af/fast && /usr/bin/make -f CMakeFiles/cmTC_7b7af.dir/build.make CMakeFiles/cmTC_7b7af.dir/build
make[1]: Entering directory '/home/anton/Documents/code/dap-sdk/CMakeFiles/CMakeTmp'
Building C object CMakeFiles/cmTC_7b7af.dir/CheckSymbolExists.c.o
/usr/bin/cc -D_GNU_SOURCE  -fPIE   -o CMakeFiles/cmTC_7b7af.dir/CheckSymbolExists.c.o   -c /home/anton/Documents/code/dap-sdk/CMakeFiles/CMakeTmp/CheckSymbolExists.c
Linking C executable cmTC_7b7af
/usr/bin/cmake -E cmake_link_script CMakeFiles/cmTC_7b7af.dir/link.txt --verbose=1
/usr/bin/cc      CMakeFiles/cmTC_7b7af.dir/CheckSymbolExists.c.o  -o cmTC_7b7af  -lm 
make[1]: Leaving directory '/home/anton/Documents/code/dap-sdk/CMakeFiles/CMakeTmp'


File /home/anton/Documents/code/dap-sdk/CMakeFiles/CMakeTmp/CheckSymbolExists.c:
/* */
#include <math.h>

int main(int argc, char** argv)
{
  (void)argv;
#ifndef isinf
  return ((int*)(&isinf))[argc];
#else
  (void)argc;
  return 0;
#endif
}
Determining if the isnan exist passed with the following output:
Change Dir: /home/anton/Documents/code/dap-sdk/CMakeFiles/CMakeTmp

Run Build Command(s):/usr/bin/make cmTC_91700/fast && /usr/bin/make -f CMakeFiles/cmTC_91700.dir/build.make CMakeFiles/cmTC_91700.dir/build
make[1]: Entering directory '/home/anton/Documents/code/dap-sdk/CMakeFiles/CMakeTmp'
Building C object CMakeFiles/cmTC_91700.dir/CheckSymbolExists.c.o
/usr/bin/cc -D_GNU_SOURCE  -fPIE   -o CMakeFiles/cmTC_91700.dir/CheckSymbolExists.c.o   -c /home/anton/Documents/code/dap-sdk/CMakeFiles/CMakeTmp/CheckSymbolExists.c
Linking C executable cmTC_91700
/usr/bin/cmake -E cmake_link_script CMakeFiles/cmTC_91700.dir/link.txt --verbose=1
/usr/bin/cc      CMakeFiles/cmTC_91700.dir/CheckSymbolExists.c.o  -o cmTC_91700  -lm 
make[1]: Leaving directory '/home/anton/Documents/code/dap-sdk/CMakeFiles/CMakeTmp'


File /home/anton/Documents/code/dap-sdk/CMakeFiles/CMakeTmp/CheckSymbolExists.c:
/* */
#include <math.h>

int main(int argc, char** argv)
{
  (void)argv;
#ifndef isnan
  return ((int*)(&isnan))[argc];
#else
  (void)argc;
  return 0;
#endif
}
Determining if the nan exist passed with the following output:
Change Dir: /home/anton/Documents/code/dap-sdk/CMakeFiles/CMakeTmp

Run Build Command(s):/usr/bin/make cmTC_6c334/fast && /usr/bin/make -f CMakeFiles/cmTC_6c334.dir/build.make CMakeFiles/cmTC_6c334.dir/build
make[1]: Entering directory '/home/anton/Documents/code/dap-sdk/CMakeFiles/CMakeTmp'
Building C object CMakeFiles/cmTC_6c334.dir/CheckSymbolExists.c.o
/usr/bin/cc -D_GNU_SOURCE  -fPIE   -o CMakeFiles/cmTC_6c334.dir/CheckSymbolExists.c.o   -c /home/anton/Documents/code/dap-sdk/CMakeFiles/CMakeTmp/CheckSymbolExists.c
Linking C executable cmTC_6c334
/usr/bin/cmake -E cmake_link_script CMakeFiles/cmTC_6c334.dir/link.txt --verbose=1
/usr/bin/cc      CMakeFiles/cmTC_6c334.dir/CheckSymbolExists.c.o  -o cmTC_6c334  -lm 
make[1]: Leaving directory '/home/anton/Documents/code/dap-sdk/CMakeFiles/CMakeTmp'


File /home/anton/Documents/code/dap-sdk/CMakeFiles/CMakeTmp/CheckSymbolExists.c:
/* */
#include <math.h>

int main(int argc, char** argv)
{
  (void)argv;
#ifndef nan
  return ((int*)(&nan))[argc];
#else
  (void)argc;
  return 0;
#endif
}
Determining if the snprintf exist passed with the following output:
Change Dir: /home/anton/Documents/code/dap-sdk/CMakeFiles/CMakeTmp

Run Build Command(s):/usr/bin/make cmTC_d3c76/fast && /usr/bin/make -f CMakeFiles/cmTC_d3c76.dir/build.make CMakeFiles/cmTC_d3c76.dir/build
make[1]: Entering directory '/home/anton/Documents/code/dap-sdk/CMakeFiles/CMakeTmp'
Building C object CMakeFiles/cmTC_d3c76.dir/CheckSymbolExists.c.o
/usr/bin/cc -D_GNU_SOURCE  -fPIE   -o CMakeFiles/cmTC_d3c76.dir/CheckSymbolExists.c.o   -c /home/anton/Documents/code/dap-sdk/CMakeFiles/CMakeTmp/CheckSymbolExists.c
Linking C executable cmTC_d3c76
/usr/bin/cmake -E cmake_link_script CMakeFiles/cmTC_d3c76.dir/link.txt --verbose=1
/usr/bin/cc      CMakeFiles/cmTC_d3c76.dir/CheckSymbolExists.c.o  -o cmTC_d3c76  -lm 
make[1]: Leaving directory '/home/anton/Documents/code/dap-sdk/CMakeFiles/CMakeTmp'


File /home/anton/Documents/code/dap-sdk/CMakeFiles/CMakeTmp/CheckSymbolExists.c:
/* */
#include <stdio.h>

int main(int argc, char** argv)
{
  (void)argv;
#ifndef snprintf
  return ((int*)(&snprintf))[argc];
#else
  (void)argc;
  return 0;
#endif
}
Determining if the vasprintf exist passed with the following output:
Change Dir: /home/anton/Documents/code/dap-sdk/CMakeFiles/CMakeTmp

Run Build Command(s):/usr/bin/make cmTC_19cb1/fast && /usr/bin/make -f CMakeFiles/cmTC_19cb1.dir/build.make CMakeFiles/cmTC_19cb1.dir/build
make[1]: Entering directory '/home/anton/Documents/code/dap-sdk/CMakeFiles/CMakeTmp'
Building C object CMakeFiles/cmTC_19cb1.dir/CheckSymbolExists.c.o
/usr/bin/cc -D_GNU_SOURCE  -fPIE   -o CMakeFiles/cmTC_19cb1.dir/CheckSymbolExists.c.o   -c /home/anton/Documents/code/dap-sdk/CMakeFiles/CMakeTmp/CheckSymbolExists.c
Linking C executable cmTC_19cb1
/usr/bin/cmake -E cmake_link_script CMakeFiles/cmTC_19cb1.dir/link.txt --verbose=1
/usr/bin/cc      CMakeFiles/cmTC_19cb1.dir/CheckSymbolExists.c.o  -o cmTC_19cb1  -lm 
make[1]: Leaving directory '/home/anton/Documents/code/dap-sdk/CMakeFiles/CMakeTmp'


File /home/anton/Documents/code/dap-sdk/CMakeFiles/CMakeTmp/CheckSymbolExists.c:
/* */
#include <stdio.h>

int main(int argc, char** argv)
{
  (void)argv;
#ifndef vasprintf
  return ((int*)(&vasprintf))[argc];
#else
  (void)argc;
  return 0;
#endif
}
Determining if the vsnprintf exist passed with the following output:
Change Dir: /home/anton/Documents/code/dap-sdk/CMakeFiles/CMakeTmp

Run Build Command(s):/usr/bin/make cmTC_a23e0/fast && /usr/bin/make -f CMakeFiles/cmTC_a23e0.dir/build.make CMakeFiles/cmTC_a23e0.dir/build
make[1]: Entering directory '/home/anton/Documents/code/dap-sdk/CMakeFiles/CMakeTmp'
Building C object CMakeFiles/cmTC_a23e0.dir/CheckSymbolExists.c.o
/usr/bin/cc -D_GNU_SOURCE  -fPIE   -o CMakeFiles/cmTC_a23e0.dir/CheckSymbolExists.c.o   -c /home/anton/Documents/code/dap-sdk/CMakeFiles/CMakeTmp/CheckSymbolExists.c
Linking C executable cmTC_a23e0
/usr/bin/cmake -E cmake_link_script CMakeFiles/cmTC_a23e0.dir/link.txt --verbose=1
/usr/bin/cc      CMakeFiles/cmTC_a23e0.dir/CheckSymbolExists.c.o  -o cmTC_a23e0  -lm 
make[1]: Leaving directory '/home/anton/Documents/code/dap-sdk/CMakeFiles/CMakeTmp'


File /home/anton/Documents/code/dap-sdk/CMakeFiles/CMakeTmp/CheckSymbolExists.c:
/* */
#include <stdio.h>

int main(int argc, char** argv)
{
  (void)argv;
#ifndef vsnprintf
  return ((int*)(&vsnprintf))[argc];
#else
  (void)argc;
  return 0;
#endif
}
Determining if the vprintf exist passed with the following output:
Change Dir: /home/anton/Documents/code/dap-sdk/CMakeFiles/CMakeTmp

Run Build Command(s):/usr/bin/make cmTC_8bb87/fast && /usr/bin/make -f CMakeFiles/cmTC_8bb87.dir/build.make CMakeFiles/cmTC_8bb87.dir/build
make[1]: Entering directory '/home/anton/Documents/code/dap-sdk/CMakeFiles/CMakeTmp'
Building C object CMakeFiles/cmTC_8bb87.dir/CheckSymbolExists.c.o
/usr/bin/cc -D_GNU_SOURCE  -fPIE   -o CMakeFiles/cmTC_8bb87.dir/CheckSymbolExists.c.o   -c /home/anton/Documents/code/dap-sdk/CMakeFiles/CMakeTmp/CheckSymbolExists.c
Linking C executable cmTC_8bb87
/usr/bin/cmake -E cmake_link_script CMakeFiles/cmTC_8bb87.dir/link.txt --verbose=1
/usr/bin/cc      CMakeFiles/cmTC_8bb87.dir/CheckSymbolExists.c.o  -o cmTC_8bb87  -lm 
make[1]: Leaving directory '/home/anton/Documents/code/dap-sdk/CMakeFiles/CMakeTmp'


File /home/anton/Documents/code/dap-sdk/CMakeFiles/CMakeTmp/CheckSymbolExists.c:
/* */
#include <stdio.h>

int main(int argc, char** argv)
{
  (void)argv;
#ifndef vprintf
  return ((int*)(&vprintf))[argc];
#else
  (void)argc;
  return 0;
#endif
}
Determining if the open exist passed with the following output:
Change Dir: /home/anton/Documents/code/dap-sdk/CMakeFiles/CMakeTmp

Run Build Command(s):/usr/bin/make cmTC_dd8c8/fast && /usr/bin/make -f CMakeFiles/cmTC_dd8c8.dir/build.make CMakeFiles/cmTC_dd8c8.dir/build
make[1]: Entering directory '/home/anton/Documents/code/dap-sdk/CMakeFiles/CMakeTmp'
Building C object CMakeFiles/cmTC_dd8c8.dir/CheckSymbolExists.c.o
/usr/bin/cc -D_GNU_SOURCE  -fPIE   -o CMakeFiles/cmTC_dd8c8.dir/CheckSymbolExists.c.o   -c /home/anton/Documents/code/dap-sdk/CMakeFiles/CMakeTmp/CheckSymbolExists.c
Linking C executable cmTC_dd8c8
/usr/bin/cmake -E cmake_link_script CMakeFiles/cmTC_dd8c8.dir/link.txt --verbose=1
/usr/bin/cc      CMakeFiles/cmTC_dd8c8.dir/CheckSymbolExists.c.o  -o cmTC_dd8c8  -lm 
make[1]: Leaving directory '/home/anton/Documents/code/dap-sdk/CMakeFiles/CMakeTmp'


File /home/anton/Documents/code/dap-sdk/CMakeFiles/CMakeTmp/CheckSymbolExists.c:
/* */
#include <fcntl.h>

int main(int argc, char** argv)
{
  (void)argv;
#ifndef open
  return ((int*)(&open))[argc];
#else
  (void)argc;
  return 0;
#endif
}
Determining if the realloc exist passed with the following output:
Change Dir: /home/anton/Documents/code/dap-sdk/CMakeFiles/CMakeTmp

Run Build Command(s):/usr/bin/make cmTC_8242e/fast && /usr/bin/make -f CMakeFiles/cmTC_8242e.dir/build.make CMakeFiles/cmTC_8242e.dir/build
make[1]: Entering directory '/home/anton/Documents/code/dap-sdk/CMakeFiles/CMakeTmp'
Building C object CMakeFiles/cmTC_8242e.dir/CheckSymbolExists.c.o
/usr/bin/cc -D_GNU_SOURCE  -fPIE   -o CMakeFiles/cmTC_8242e.dir/CheckSymbolExists.c.o   -c /home/anton/Documents/code/dap-sdk/CMakeFiles/CMakeTmp/CheckSymbolExists.c
Linking C executable cmTC_8242e
/usr/bin/cmake -E cmake_link_script CMakeFiles/cmTC_8242e.dir/link.txt --verbose=1
/usr/bin/cc      CMakeFiles/cmTC_8242e.dir/CheckSymbolExists.c.o  -o cmTC_8242e  -lm 
make[1]: Leaving directory '/home/anton/Documents/code/dap-sdk/CMakeFiles/CMakeTmp'


File /home/anton/Documents/code/dap-sdk/CMakeFiles/CMakeTmp/CheckSymbolExists.c:
/* */
#include <stdlib.h>

int main(int argc, char** argv)
{
  (void)argv;
#ifndef realloc
  return ((int*)(&realloc))[argc];
#else
  (void)argc;
  return 0;
#endif
}
Determining if the setlocale exist passed with the following output:
Change Dir: /home/anton/Documents/code/dap-sdk/CMakeFiles/CMakeTmp

Run Build Command(s):/usr/bin/make cmTC_8d27e/fast && /usr/bin/make -f CMakeFiles/cmTC_8d27e.dir/build.make CMakeFiles/cmTC_8d27e.dir/build
make[1]: Entering directory '/home/anton/Documents/code/dap-sdk/CMakeFiles/CMakeTmp'
Building C object CMakeFiles/cmTC_8d27e.dir/CheckSymbolExists.c.o
/usr/bin/cc -D_GNU_SOURCE  -fPIE   -o CMakeFiles/cmTC_8d27e.dir/CheckSymbolExists.c.o   -c /home/anton/Documents/code/dap-sdk/CMakeFiles/CMakeTmp/CheckSymbolExists.c
Linking C executable cmTC_8d27e
/usr/bin/cmake -E cmake_link_script CMakeFiles/cmTC_8d27e.dir/link.txt --verbose=1
/usr/bin/cc      CMakeFiles/cmTC_8d27e.dir/CheckSymbolExists.c.o  -o cmTC_8d27e  -lm 
make[1]: Leaving directory '/home/anton/Documents/code/dap-sdk/CMakeFiles/CMakeTmp'


File /home/anton/Documents/code/dap-sdk/CMakeFiles/CMakeTmp/CheckSymbolExists.c:
/* */
#include <locale.h>

int main(int argc, char** argv)
{
  (void)argv;
#ifndef setlocale
  return ((int*)(&setlocale))[argc];
#else
  (void)argc;
  return 0;
#endif
}
Determining if the uselocale exist passed with the following output:
Change Dir: /home/anton/Documents/code/dap-sdk/CMakeFiles/CMakeTmp

Run Build Command(s):/usr/bin/make cmTC_96eea/fast && /usr/bin/make -f CMakeFiles/cmTC_96eea.dir/build.make CMakeFiles/cmTC_96eea.dir/build
make[1]: Entering directory '/home/anton/Documents/code/dap-sdk/CMakeFiles/CMakeTmp'
Building C object CMakeFiles/cmTC_96eea.dir/CheckSymbolExists.c.o
/usr/bin/cc -D_GNU_SOURCE  -fPIE   -o CMakeFiles/cmTC_96eea.dir/CheckSymbolExists.c.o   -c /home/anton/Documents/code/dap-sdk/CMakeFiles/CMakeTmp/CheckSymbolExists.c
Linking C executable cmTC_96eea
/usr/bin/cmake -E cmake_link_script CMakeFiles/cmTC_96eea.dir/link.txt --verbose=1
/usr/bin/cc      CMakeFiles/cmTC_96eea.dir/CheckSymbolExists.c.o  -o cmTC_96eea  -lm 
make[1]: Leaving directory '/home/anton/Documents/code/dap-sdk/CMakeFiles/CMakeTmp'


File /home/anton/Documents/code/dap-sdk/CMakeFiles/CMakeTmp/CheckSymbolExists.c:
/* */
#include <locale.h>

int main(int argc, char** argv)
{
  (void)argv;
#ifndef uselocale
  return ((int*)(&uselocale))[argc];
#else
  (void)argc;
  return 0;
#endif
}
Determining if the strcasecmp exist passed with the following output:
Change Dir: /home/anton/Documents/code/dap-sdk/CMakeFiles/CMakeTmp

Run Build Command(s):/usr/bin/make cmTC_9d687/fast && /usr/bin/make -f CMakeFiles/cmTC_9d687.dir/build.make CMakeFiles/cmTC_9d687.dir/build
make[1]: Entering directory '/home/anton/Documents/code/dap-sdk/CMakeFiles/CMakeTmp'
Building C object CMakeFiles/cmTC_9d687.dir/CheckSymbolExists.c.o
/usr/bin/cc -D_GNU_SOURCE  -fPIE   -o CMakeFiles/cmTC_9d687.dir/CheckSymbolExists.c.o   -c /home/anton/Documents/code/dap-sdk/CMakeFiles/CMakeTmp/CheckSymbolExists.c
Linking C executable cmTC_9d687
/usr/bin/cmake -E cmake_link_script CMakeFiles/cmTC_9d687.dir/link.txt --verbose=1
/usr/bin/cc      CMakeFiles/cmTC_9d687.dir/CheckSymbolExists.c.o  -o cmTC_9d687  -lm 
make[1]: Leaving directory '/home/anton/Documents/code/dap-sdk/CMakeFiles/CMakeTmp'


File /home/anton/Documents/code/dap-sdk/CMakeFiles/CMakeTmp/CheckSymbolExists.c:
/* */
#include <strings.h>

int main(int argc, char** argv)
{
  (void)argv;
#ifndef strcasecmp
  return ((int*)(&strcasecmp))[argc];
#else
  (void)argc;
  return 0;
#endif
}
Determining if the strncasecmp exist passed with the following output:
Change Dir: /home/anton/Documents/code/dap-sdk/CMakeFiles/CMakeTmp

Run Build Command(s):/usr/bin/make cmTC_9207f/fast && /usr/bin/make -f CMakeFiles/cmTC_9207f.dir/build.make CMakeFiles/cmTC_9207f.dir/build
make[1]: Entering directory '/home/anton/Documents/code/dap-sdk/CMakeFiles/CMakeTmp'
Building C object CMakeFiles/cmTC_9207f.dir/CheckSymbolExists.c.o
/usr/bin/cc -D_GNU_SOURCE  -fPIE   -o CMakeFiles/cmTC_9207f.dir/CheckSymbolExists.c.o   -c /home/anton/Documents/code/dap-sdk/CMakeFiles/CMakeTmp/CheckSymbolExists.c
Linking C executable cmTC_9207f
/usr/bin/cmake -E cmake_link_script CMakeFiles/cmTC_9207f.dir/link.txt --verbose=1
/usr/bin/cc      CMakeFiles/cmTC_9207f.dir/CheckSymbolExists.c.o  -o cmTC_9207f  -lm 
make[1]: Leaving directory '/home/anton/Documents/code/dap-sdk/CMakeFiles/CMakeTmp'


File /home/anton/Documents/code/dap-sdk/CMakeFiles/CMakeTmp/CheckSymbolExists.c:
/* */
#include <strings.h>

int main(int argc, char** argv)
{
  (void)argv;
#ifndef strncasecmp
  return ((int*)(&strncasecmp))[argc];
#else
  (void)argc;
  return 0;
#endif
}
Determining if the strdup exist passed with the following output:
Change Dir: /home/anton/Documents/code/dap-sdk/CMakeFiles/CMakeTmp

Run Build Command(s):/usr/bin/make cmTC_14188/fast && /usr/bin/make -f CMakeFiles/cmTC_14188.dir/build.make CMakeFiles/cmTC_14188.dir/build
make[1]: Entering directory '/home/anton/Documents/code/dap-sdk/CMakeFiles/CMakeTmp'
Building C object CMakeFiles/cmTC_14188.dir/CheckSymbolExists.c.o
/usr/bin/cc -D_GNU_SOURCE  -fPIE   -o CMakeFiles/cmTC_14188.dir/CheckSymbolExists.c.o   -c /home/anton/Documents/code/dap-sdk/CMakeFiles/CMakeTmp/CheckSymbolExists.c
Linking C executable cmTC_14188
/usr/bin/cmake -E cmake_link_script CMakeFiles/cmTC_14188.dir/link.txt --verbose=1
/usr/bin/cc      CMakeFiles/cmTC_14188.dir/CheckSymbolExists.c.o  -o cmTC_14188  -lm 
make[1]: Leaving directory '/home/anton/Documents/code/dap-sdk/CMakeFiles/CMakeTmp'


File /home/anton/Documents/code/dap-sdk/CMakeFiles/CMakeTmp/CheckSymbolExists.c:
/* */
#include <string.h>

int main(int argc, char** argv)
{
  (void)argv;
#ifndef strdup
  return ((int*)(&strdup))[argc];
#else
  (void)argc;
  return 0;
#endif
}
Determining if the strerror exist passed with the following output:
Change Dir: /home/anton/Documents/code/dap-sdk/CMakeFiles/CMakeTmp

Run Build Command(s):/usr/bin/make cmTC_e75cb/fast && /usr/bin/make -f CMakeFiles/cmTC_e75cb.dir/build.make CMakeFiles/cmTC_e75cb.dir/build
make[1]: Entering directory '/home/anton/Documents/code/dap-sdk/CMakeFiles/CMakeTmp'
Building C object CMakeFiles/cmTC_e75cb.dir/CheckSymbolExists.c.o
/usr/bin/cc -D_GNU_SOURCE  -fPIE   -o CMakeFiles/cmTC_e75cb.dir/CheckSymbolExists.c.o   -c /home/anton/Documents/code/dap-sdk/CMakeFiles/CMakeTmp/CheckSymbolExists.c
Linking C executable cmTC_e75cb
/usr/bin/cmake -E cmake_link_script CMakeFiles/cmTC_e75cb.dir/link.txt --verbose=1
/usr/bin/cc      CMakeFiles/cmTC_e75cb.dir/CheckSymbolExists.c.o  -o cmTC_e75cb  -lm 
make[1]: Leaving directory '/home/anton/Documents/code/dap-sdk/CMakeFiles/CMakeTmp'


File /home/anton/Documents/code/dap-sdk/CMakeFiles/CMakeTmp/CheckSymbolExists.c:
/* */
#include <string.h>

int main(int argc, char** argv)
{
  (void)argv;
#ifndef strerror
  return ((int*)(&strerror))[argc];
#else
  (void)argc;
  return 0;
#endif
}
Determining if the vsyslog exist passed with the following output:
Change Dir: /home/anton/Documents/code/dap-sdk/CMakeFiles/CMakeTmp

Run Build Command(s):/usr/bin/make cmTC_dac0b/fast && /usr/bin/make -f CMakeFiles/cmTC_dac0b.dir/build.make CMakeFiles/cmTC_dac0b.dir/build
make[1]: Entering directory '/home/anton/Documents/code/dap-sdk/CMakeFiles/CMakeTmp'
Building C object CMakeFiles/cmTC_dac0b.dir/CheckSymbolExists.c.o
/usr/bin/cc -D_GNU_SOURCE  -fPIE   -o CMakeFiles/cmTC_dac0b.dir/CheckSymbolExists.c.o   -c /home/anton/Documents/code/dap-sdk/CMakeFiles/CMakeTmp/CheckSymbolExists.c
Linking C executable cmTC_dac0b
/usr/bin/cmake -E cmake_link_script CMakeFiles/cmTC_dac0b.dir/link.txt --verbose=1
/usr/bin/cc      CMakeFiles/cmTC_dac0b.dir/CheckSymbolExists.c.o  -o cmTC_dac0b  -lm 
make[1]: Leaving directory '/home/anton/Documents/code/dap-sdk/CMakeFiles/CMakeTmp'


File /home/anton/Documents/code/dap-sdk/CMakeFiles/CMakeTmp/CheckSymbolExists.c:
/* */
#include <syslog.h>

int main(int argc, char** argv)
{
  (void)argv;
#ifndef vsyslog
  return ((int*)(&vsyslog))[argc];
#else
  (void)argc;
  return 0;
#endif
}
Determining if the getrandom exist passed with the following output:
Change Dir: /home/anton/Documents/code/dap-sdk/CMakeFiles/CMakeTmp

Run Build Command(s):/usr/bin/make cmTC_c9a59/fast && /usr/bin/make -f CMakeFiles/cmTC_c9a59.dir/build.make CMakeFiles/cmTC_c9a59.dir/build
make[1]: Entering directory '/home/anton/Documents/code/dap-sdk/CMakeFiles/CMakeTmp'
Building C object CMakeFiles/cmTC_c9a59.dir/CheckSymbolExists.c.o
/usr/bin/cc -D_GNU_SOURCE  -fPIE   -o CMakeFiles/cmTC_c9a59.dir/CheckSymbolExists.c.o   -c /home/anton/Documents/code/dap-sdk/CMakeFiles/CMakeTmp/CheckSymbolExists.c
Linking C executable cmTC_c9a59
/usr/bin/cmake -E cmake_link_script CMakeFiles/cmTC_c9a59.dir/link.txt --verbose=1
/usr/bin/cc      CMakeFiles/cmTC_c9a59.dir/CheckSymbolExists.c.o  -o cmTC_c9a59  -lm 
make[1]: Leaving directory '/home/anton/Documents/code/dap-sdk/CMakeFiles/CMakeTmp'


File /home/anton/Documents/code/dap-sdk/CMakeFiles/CMakeTmp/CheckSymbolExists.c:
/* */
#include <sys/random.h>

int main(int argc, char** argv)
{
  (void)argv;
#ifndef getrandom
  return ((int*)(&getrandom))[argc];
#else
  (void)argc;
  return 0;
#endif
}
Determining if the getrusage exist passed with the following output:
Change Dir: /home/anton/Documents/code/dap-sdk/CMakeFiles/CMakeTmp

Run Build Command(s):/usr/bin/make cmTC_fef4c/fast && /usr/bin/make -f CMakeFiles/cmTC_fef4c.dir/build.make CMakeFiles/cmTC_fef4c.dir/build
make[1]: Entering directory '/home/anton/Documents/code/dap-sdk/CMakeFiles/CMakeTmp'
Building C object CMakeFiles/cmTC_fef4c.dir/CheckSymbolExists.c.o
/usr/bin/cc -D_GNU_SOURCE  -fPIE   -o CMakeFiles/cmTC_fef4c.dir/CheckSymbolExists.c.o   -c /home/anton/Documents/code/dap-sdk/CMakeFiles/CMakeTmp/CheckSymbolExists.c
Linking C executable cmTC_fef4c
/usr/bin/cmake -E cmake_link_script CMakeFiles/cmTC_fef4c.dir/link.txt --verbose=1
/usr/bin/cc      CMakeFiles/cmTC_fef4c.dir/CheckSymbolExists.c.o  -o cmTC_fef4c  -lm 
make[1]: Leaving directory '/home/anton/Documents/code/dap-sdk/CMakeFiles/CMakeTmp'


File /home/anton/Documents/code/dap-sdk/CMakeFiles/CMakeTmp/CheckSymbolExists.c:
/* */
#include <sys/resource.h>

int main(int argc, char** argv)
{
  (void)argv;
#ifndef getrusage
  return ((int*)(&getrusage))[argc];
#else
  (void)argc;
  return 0;
#endif
}
Determining if the strtoll exist passed with the following output:
Change Dir: /home/anton/Documents/code/dap-sdk/CMakeFiles/CMakeTmp

Run Build Command(s):/usr/bin/make cmTC_99c31/fast && /usr/bin/make -f CMakeFiles/cmTC_99c31.dir/build.make CMakeFiles/cmTC_99c31.dir/build
make[1]: Entering directory '/home/anton/Documents/code/dap-sdk/CMakeFiles/CMakeTmp'
Building C object CMakeFiles/cmTC_99c31.dir/CheckSymbolExists.c.o
/usr/bin/cc -D_GNU_SOURCE  -fPIE   -o CMakeFiles/cmTC_99c31.dir/CheckSymbolExists.c.o   -c /home/anton/Documents/code/dap-sdk/CMakeFiles/CMakeTmp/CheckSymbolExists.c
Linking C executable cmTC_99c31
/usr/bin/cmake -E cmake_link_script CMakeFiles/cmTC_99c31.dir/link.txt --verbose=1
/usr/bin/cc      CMakeFiles/cmTC_99c31.dir/CheckSymbolExists.c.o  -o cmTC_99c31  -lm 
make[1]: Leaving directory '/home/anton/Documents/code/dap-sdk/CMakeFiles/CMakeTmp'


File /home/anton/Documents/code/dap-sdk/CMakeFiles/CMakeTmp/CheckSymbolExists.c:
/* */
#include <stdlib.h>

int main(int argc, char** argv)
{
  (void)argv;
#ifndef strtoll
  return ((int*)(&strtoll))[argc];
#else
  (void)argc;
  return 0;
#endif
}
Determining if the strtoull exist passed with the following output:
Change Dir: /home/anton/Documents/code/dap-sdk/CMakeFiles/CMakeTmp

Run Build Command(s):/usr/bin/make cmTC_d73b7/fast && /usr/bin/make -f CMakeFiles/cmTC_d73b7.dir/build.make CMakeFiles/cmTC_d73b7.dir/build
make[1]: Entering directory '/home/anton/Documents/code/dap-sdk/CMakeFiles/CMakeTmp'
Building C object CMakeFiles/cmTC_d73b7.dir/CheckSymbolExists.c.o
/usr/bin/cc -D_GNU_SOURCE  -fPIE   -o CMakeFiles/cmTC_d73b7.dir/CheckSymbolExists.c.o   -c /home/anton/Documents/code/dap-sdk/CMakeFiles/CMakeTmp/CheckSymbolExists.c
Linking C executable cmTC_d73b7
/usr/bin/cmake -E cmake_link_script CMakeFiles/cmTC_d73b7.dir/link.txt --verbose=1
/usr/bin/cc      CMakeFiles/cmTC_d73b7.dir/CheckSymbolExists.c.o  -o cmTC_d73b7  -lm 
make[1]: Leaving directory '/home/anton/Documents/code/dap-sdk/CMakeFiles/CMakeTmp'


File /home/anton/Documents/code/dap-sdk/CMakeFiles/CMakeTmp/CheckSymbolExists.c:
/* */
#include <stdlib.h>

int main(int argc, char** argv)
{
  (void)argv;
#ifndef strtoull
  return ((int*)(&strtoull))[argc];
#else
  (void)argc;
  return 0;
#endif
}
Determining if the include file stddef.h exists passed with the following output:
Change Dir: /home/anton/Documents/code/dap-sdk/CMakeFiles/CMakeTmp

Run Build Command(s):/usr/bin/make cmTC_83e9c/fast && /usr/bin/make -f CMakeFiles/cmTC_83e9c.dir/build.make CMakeFiles/cmTC_83e9c.dir/build
make[1]: Entering directory '/home/anton/Documents/code/dap-sdk/CMakeFiles/CMakeTmp'
Building C object CMakeFiles/cmTC_83e9c.dir/CheckIncludeFile.c.o
/usr/bin/cc -D_GNU_SOURCE  -fPIE   -o CMakeFiles/cmTC_83e9c.dir/CheckIncludeFile.c.o   -c /home/anton/Documents/code/dap-sdk/CMakeFiles/CMakeTmp/CheckIncludeFile.c
Linking C executable cmTC_83e9c
/usr/bin/cmake -E cmake_link_script CMakeFiles/cmTC_83e9c.dir/link.txt --verbose=1
/usr/bin/cc      CMakeFiles/cmTC_83e9c.dir/CheckIncludeFile.c.o  -o cmTC_83e9c  -lm 
make[1]: Leaving directory '/home/anton/Documents/code/dap-sdk/CMakeFiles/CMakeTmp'



Determining size of int passed with the following output:
Change Dir: /home/anton/Documents/code/dap-sdk/CMakeFiles/CMakeTmp

Run Build Command(s):/usr/bin/make cmTC_87c28/fast && /usr/bin/make -f CMakeFiles/cmTC_87c28.dir/build.make CMakeFiles/cmTC_87c28.dir/build
make[1]: Entering directory '/home/anton/Documents/code/dap-sdk/CMakeFiles/CMakeTmp'
Building C object CMakeFiles/cmTC_87c28.dir/SIZEOF_INT.c.o
/usr/bin/cc -D_GNU_SOURCE  -fPIE   -o CMakeFiles/cmTC_87c28.dir/SIZEOF_INT.c.o   -c /home/anton/Documents/code/dap-sdk/CMakeFiles/CheckTypeSize/SIZEOF_INT.c
Linking C executable cmTC_87c28
/usr/bin/cmake -E cmake_link_script CMakeFiles/cmTC_87c28.dir/link.txt --verbose=1
/usr/bin/cc      CMakeFiles/cmTC_87c28.dir/SIZEOF_INT.c.o  -o cmTC_87c28  -lm 
make[1]: Leaving directory '/home/anton/Documents/code/dap-sdk/CMakeFiles/CMakeTmp'



Determining size of int64_t passed with the following output:
Change Dir: /home/anton/Documents/code/dap-sdk/CMakeFiles/CMakeTmp

Run Build Command(s):/usr/bin/make cmTC_7f27a/fast && /usr/bin/make -f CMakeFiles/cmTC_7f27a.dir/build.make CMakeFiles/cmTC_7f27a.dir/build
make[1]: Entering directory '/home/anton/Documents/code/dap-sdk/CMakeFiles/CMakeTmp'
Building C object CMakeFiles/cmTC_7f27a.dir/SIZEOF_INT64_T.c.o
/usr/bin/cc -D_GNU_SOURCE  -fPIE   -o CMakeFiles/cmTC_7f27a.dir/SIZEOF_INT64_T.c.o   -c /home/anton/Documents/code/dap-sdk/CMakeFiles/CheckTypeSize/SIZEOF_INT64_T.c
Linking C executable cmTC_7f27a
/usr/bin/cmake -E cmake_link_script CMakeFiles/cmTC_7f27a.dir/link.txt --verbose=1
/usr/bin/cc      CMakeFiles/cmTC_7f27a.dir/SIZEOF_INT64_T.c.o  -o cmTC_7f27a  -lm 
make[1]: Leaving directory '/home/anton/Documents/code/dap-sdk/CMakeFiles/CMakeTmp'



Determining size of long passed with the following output:
Change Dir: /home/anton/Documents/code/dap-sdk/CMakeFiles/CMakeTmp

Run Build Command(s):/usr/bin/make cmTC_b83ad/fast && /usr/bin/make -f CMakeFiles/cmTC_b83ad.dir/build.make CMakeFiles/cmTC_b83ad.dir/build
make[1]: Entering directory '/home/anton/Documents/code/dap-sdk/CMakeFiles/CMakeTmp'
Building C object CMakeFiles/cmTC_b83ad.dir/SIZEOF_LONG.c.o
/usr/bin/cc -D_GNU_SOURCE  -fPIE   -o CMakeFiles/cmTC_b83ad.dir/SIZEOF_LONG.c.o   -c /home/anton/Documents/code/dap-sdk/CMakeFiles/CheckTypeSize/SIZEOF_LONG.c
Linking C executable cmTC_b83ad
/usr/bin/cmake -E cmake_link_script CMakeFiles/cmTC_b83ad.dir/link.txt --verbose=1
/usr/bin/cc      CMakeFiles/cmTC_b83ad.dir/SIZEOF_LONG.c.o  -o cmTC_b83ad  -lm 
make[1]: Leaving directory '/home/anton/Documents/code/dap-sdk/CMakeFiles/CMakeTmp'



Determining size of long long passed with the following output:
Change Dir: /home/anton/Documents/code/dap-sdk/CMakeFiles/CMakeTmp

Run Build Command(s):/usr/bin/make cmTC_4fa3d/fast && /usr/bin/make -f CMakeFiles/cmTC_4fa3d.dir/build.make CMakeFiles/cmTC_4fa3d.dir/build
make[1]: Entering directory '/home/anton/Documents/code/dap-sdk/CMakeFiles/CMakeTmp'
Building C object CMakeFiles/cmTC_4fa3d.dir/SIZEOF_LONG_LONG.c.o
/usr/bin/cc -D_GNU_SOURCE  -fPIE   -o CMakeFiles/cmTC_4fa3d.dir/SIZEOF_LONG_LONG.c.o   -c /home/anton/Documents/code/dap-sdk/CMakeFiles/CheckTypeSize/SIZEOF_LONG_LONG.c
Linking C executable cmTC_4fa3d
/usr/bin/cmake -E cmake_link_script CMakeFiles/cmTC_4fa3d.dir/link.txt --verbose=1
/usr/bin/cc      CMakeFiles/cmTC_4fa3d.dir/SIZEOF_LONG_LONG.c.o  -o cmTC_4fa3d  -lm 
make[1]: Leaving directory '/home/anton/Documents/code/dap-sdk/CMakeFiles/CMakeTmp'



Determining size of size_t passed with the following output:
Change Dir: /home/anton/Documents/code/dap-sdk/CMakeFiles/CMakeTmp

Run Build Command(s):/usr/bin/make cmTC_c3482/fast && /usr/bin/make -f CMakeFiles/cmTC_c3482.dir/build.make CMakeFiles/cmTC_c3482.dir/build
make[1]: Entering directory '/home/anton/Documents/code/dap-sdk/CMakeFiles/CMakeTmp'
Building C object CMakeFiles/cmTC_c3482.dir/SIZEOF_SIZE_T.c.o
/usr/bin/cc -D_GNU_SOURCE  -fPIE   -o CMakeFiles/cmTC_c3482.dir/SIZEOF_SIZE_T.c.o   -c /home/anton/Documents/code/dap-sdk/CMakeFiles/CheckTypeSize/SIZEOF_SIZE_T.c
Linking C executable cmTC_c3482
/usr/bin/cmake -E cmake_link_script CMakeFiles/cmTC_c3482.dir/link.txt --verbose=1
/usr/bin/cc      CMakeFiles/cmTC_c3482.dir/SIZEOF_SIZE_T.c.o  -o cmTC_c3482  -lm 
make[1]: Leaving directory '/home/anton/Documents/code/dap-sdk/CMakeFiles/CMakeTmp'



Determining size of ssize_t passed with the following output:
Change Dir: /home/anton/Documents/code/dap-sdk/CMakeFiles/CMakeTmp

Run Build Command(s):/usr/bin/make cmTC_bb3c2/fast && /usr/bin/make -f CMakeFiles/cmTC_bb3c2.dir/build.make CMakeFiles/cmTC_bb3c2.dir/build
make[1]: Entering directory '/home/anton/Documents/code/dap-sdk/CMakeFiles/CMakeTmp'
Building C object CMakeFiles/cmTC_bb3c2.dir/SIZEOF_SSIZE_T.c.o
/usr/bin/cc -D_GNU_SOURCE  -fPIE   -o CMakeFiles/cmTC_bb3c2.dir/SIZEOF_SSIZE_T.c.o   -c /home/anton/Documents/code/dap-sdk/CMakeFiles/CheckTypeSize/SIZEOF_SSIZE_T.c
Linking C executable cmTC_bb3c2
/usr/bin/cmake -E cmake_link_script CMakeFiles/cmTC_bb3c2.dir/link.txt --verbose=1
/usr/bin/cc      CMakeFiles/cmTC_bb3c2.dir/SIZEOF_SSIZE_T.c.o  -o cmTC_bb3c2  -lm 
make[1]: Leaving directory '/home/anton/Documents/code/dap-sdk/CMakeFiles/CMakeTmp'



Performing C SOURCE FILE Test HAVE_ATOMIC_BUILTINS succeeded with the following output:
Change Dir: /home/anton/Documents/code/dap-sdk/CMakeFiles/CMakeTmp

Run Build Command(s):/usr/bin/make cmTC_a38b0/fast && /usr/bin/make -f CMakeFiles/cmTC_a38b0.dir/build.make CMakeFiles/cmTC_a38b0.dir/build
make[1]: Entering directory '/home/anton/Documents/code/dap-sdk/CMakeFiles/CMakeTmp'
Building C object CMakeFiles/cmTC_a38b0.dir/src.c.o
/usr/bin/cc -D_GNU_SOURCE  -DHAVE_ATOMIC_BUILTINS -fPIE   -o CMakeFiles/cmTC_a38b0.dir/src.c.o   -c /home/anton/Documents/code/dap-sdk/CMakeFiles/CMakeTmp/src.c
Linking C executable cmTC_a38b0
/usr/bin/cmake -E cmake_link_script CMakeFiles/cmTC_a38b0.dir/link.txt --verbose=1
/usr/bin/cc  -DHAVE_ATOMIC_BUILTINS    CMakeFiles/cmTC_a38b0.dir/src.c.o  -o cmTC_a38b0  -lm 
make[1]: Leaving directory '/home/anton/Documents/code/dap-sdk/CMakeFiles/CMakeTmp'


Source file was:
int main() { int i, x = 0; i = __sync_add_and_fetch(&x,1); return x; }
Performing C SOURCE FILE Test HAVE___THREAD succeeded with the following output:
Change Dir: /home/anton/Documents/code/dap-sdk/CMakeFiles/CMakeTmp

Run Build Command(s):/usr/bin/make cmTC_ceb55/fast && /usr/bin/make -f CMakeFiles/cmTC_ceb55.dir/build.make CMakeFiles/cmTC_ceb55.dir/build
make[1]: Entering directory '/home/anton/Documents/code/dap-sdk/CMakeFiles/CMakeTmp'
Building C object CMakeFiles/cmTC_ceb55.dir/src.c.o
/usr/bin/cc -D_GNU_SOURCE  -DHAVE___THREAD -fPIE   -o CMakeFiles/cmTC_ceb55.dir/src.c.o   -c /home/anton/Documents/code/dap-sdk/CMakeFiles/CMakeTmp/src.c
Linking C executable cmTC_ceb55
/usr/bin/cmake -E cmake_link_script CMakeFiles/cmTC_ceb55.dir/link.txt --verbose=1
/usr/bin/cc  -DHAVE___THREAD    CMakeFiles/cmTC_ceb55.dir/src.c.o  -o cmTC_ceb55  -lm 
make[1]: Leaving directory '/home/anton/Documents/code/dap-sdk/CMakeFiles/CMakeTmp'


Source file was:
__thread int x = 0; int main() { return 0; }
Performing C SOURCE FILE Test REENTRANT_WORKS succeeded with the following output:
Change Dir: /home/anton/Documents/code/dap-sdk/CMakeFiles/CMakeTmp

Run Build Command(s):/usr/bin/make cmTC_42fff/fast && /usr/bin/make -f CMakeFiles/cmTC_42fff.dir/build.make CMakeFiles/cmTC_42fff.dir/build
make[1]: Entering directory '/home/anton/Documents/code/dap-sdk/CMakeFiles/CMakeTmp'
Building C object CMakeFiles/cmTC_42fff.dir/src.c.o
/usr/bin/cc -D_GNU_SOURCE  -ffunction-sections -fdata-sections -Werror -Wall -Wcast-qual -Wno-error=deprecated-declarations -Wextra -Wwrite-strings -Wno-unused-parameter -Wstrict-prototypes -DREENTRANT_WORKS -fPIE   -o CMakeFiles/cmTC_42fff.dir/src.c.o   -c /home/anton/Documents/code/dap-sdk/CMakeFiles/CMakeTmp/src.c
Linking C executable cmTC_42fff
/usr/bin/cmake -E cmake_link_script CMakeFiles/cmTC_42fff.dir/link.txt --verbose=1
/usr/bin/cc  -ffunction-sections -fdata-sections -Werror -Wall -Wcast-qual -Wno-error=deprecated-declarations -Wextra -Wwrite-strings -Wno-unused-parameter -Wstrict-prototypes -DREENTRANT_WORKS    CMakeFiles/cmTC_42fff.dir/src.c.o  -o cmTC_42fff  -lm 
make[1]: Leaving directory '/home/anton/Documents/code/dap-sdk/CMakeFiles/CMakeTmp'


Source file was:

	/* uClibc toolchains without threading barf when _REENTRANT is defined */
	#define _REENTRANT 1
	#include <sys/types.h>
	int main (void)
	{
	  return 0;
	}
	
Performing C SOURCE FILE Test BSYMBOLIC_WORKS succeeded with the following output:
Change Dir: /home/anton/Documents/code/dap-sdk/CMakeFiles/CMakeTmp

Run Build Command(s):/usr/bin/make cmTC_6bf74/fast && /usr/bin/make -f CMakeFiles/cmTC_6bf74.dir/build.make CMakeFiles/cmTC_6bf74.dir/build
make[1]: Entering directory '/home/anton/Documents/code/dap-sdk/CMakeFiles/CMakeTmp'
Building C object CMakeFiles/cmTC_6bf74.dir/src.c.o
/usr/bin/cc -D_GNU_SOURCE  -ffunction-sections -fdata-sections -Werror -Wall -Wcast-qual -Wno-error=deprecated-declarations -Wextra -Wwrite-strings -Wno-unused-parameter -Wstrict-prototypes -DBSYMBOLIC_WORKS -fPIE   -o CMakeFiles/cmTC_6bf74.dir/src.c.o   -c /home/anton/Documents/code/dap-sdk/CMakeFiles/CMakeTmp/src.c
Linking C executable cmTC_6bf74
/usr/bin/cmake -E cmake_link_script CMakeFiles/cmTC_6bf74.dir/link.txt --verbose=1
/usr/bin/cc  -ffunction-sections -fdata-sections -Werror -Wall -Wcast-qual -Wno-error=deprecated-declarations -Wextra -Wwrite-strings -Wno-unused-parameter -Wstrict-prototypes -DBSYMBOLIC_WORKS    CMakeFiles/cmTC_6bf74.dir/src.c.o  -o cmTC_6bf74  -lm -Wl,-Bsymbolic-functions 
make[1]: Leaving directory '/home/anton/Documents/code/dap-sdk/CMakeFiles/CMakeTmp'


Source file was:

	int main (void)
	{
	  return 0;
	}
	
Performing C SOURCE FILE Test VERSION_SCRIPT_WORKS succeeded with the following output:
Change Dir: /home/anton/Documents/code/dap-sdk/CMakeFiles/CMakeTmp

Run Build Command(s):/usr/bin/make cmTC_65f04/fast && /usr/bin/make -f CMakeFiles/cmTC_65f04.dir/build.make CMakeFiles/cmTC_65f04.dir/build
make[1]: Entering directory '/home/anton/Documents/code/dap-sdk/CMakeFiles/CMakeTmp'
Building C object CMakeFiles/cmTC_65f04.dir/src.c.o
/usr/bin/cc -D_GNU_SOURCE  -ffunction-sections -fdata-sections -Werror -Wall -Wcast-qual -Wno-error=deprecated-declarations -Wextra -Wwrite-strings -Wno-unused-parameter -Wstrict-prototypes -DVERSION_SCRIPT_WORKS -fPIE   -o CMakeFiles/cmTC_65f04.dir/src.c.o   -c /home/anton/Documents/code/dap-sdk/CMakeFiles/CMakeTmp/src.c
Linking C executable cmTC_65f04
/usr/bin/cmake -E cmake_link_script CMakeFiles/cmTC_65f04.dir/link.txt --verbose=1
/usr/bin/cc  -ffunction-sections -fdata-sections -Werror -Wall -Wcast-qual -Wno-error=deprecated-declarations -Wextra -Wwrite-strings -Wno-unused-parameter -Wstrict-prototypes -DVERSION_SCRIPT_WORKS    CMakeFiles/cmTC_65f04.dir/src.c.o  -o cmTC_65f04  -lm -Wl,--version-script,/home/anton/Documents/code/dap-sdk/3rdparty/json-c/check-version-script.sym 
make[1]: Leaving directory '/home/anton/Documents/code/dap-sdk/CMakeFiles/CMakeTmp'


Source file was:

	int main (void)
	{
	  return 0;
	}
	
Compiling the CXX compiler identification source file "CMakeCXXCompilerId.cpp" succeeded.
Compiler: /usr/bin/c++ 
Build flags: 
Id flags:  

The output was:
0


Compilation of the CXX compiler identification source "CMakeCXXCompilerId.cpp" produced "a.out"

The CXX compiler identification is GNU, found in "/home/anton/Documents/code/dap-sdk/CMakeFiles/3.16.3/CompilerIdCXX/a.out"

Determining if the CXX compiler works passed with the following output:
Change Dir: /home/anton/Documents/code/dap-sdk/CMakeFiles/CMakeTmp

Run Build Command(s):/usr/bin/make cmTC_b6785/fast && /usr/bin/make -f CMakeFiles/cmTC_b6785.dir/build.make CMakeFiles/cmTC_b6785.dir/build
make[1]: Entering directory '/home/anton/Documents/code/dap-sdk/CMakeFiles/CMakeTmp'
Building CXX object CMakeFiles/cmTC_b6785.dir/testCXXCompiler.cxx.o
/usr/bin/c++     -o CMakeFiles/cmTC_b6785.dir/testCXXCompiler.cxx.o -c /home/anton/Documents/code/dap-sdk/CMakeFiles/CMakeTmp/testCXXCompiler.cxx
Linking CXX executable cmTC_b6785
/usr/bin/cmake -E cmake_link_script CMakeFiles/cmTC_b6785.dir/link.txt --verbose=1
/usr/bin/c++       CMakeFiles/cmTC_b6785.dir/testCXXCompiler.cxx.o  -o cmTC_b6785 
make[1]: Leaving directory '/home/anton/Documents/code/dap-sdk/CMakeFiles/CMakeTmp'



Detecting CXX compiler ABI info compiled with the following output:
Change Dir: /home/anton/Documents/code/dap-sdk/CMakeFiles/CMakeTmp

Run Build Command(s):/usr/bin/make cmTC_117a0/fast && /usr/bin/make -f CMakeFiles/cmTC_117a0.dir/build.make CMakeFiles/cmTC_117a0.dir/build
make[1]: Entering directory '/home/anton/Documents/code/dap-sdk/CMakeFiles/CMakeTmp'
Building CXX object CMakeFiles/cmTC_117a0.dir/CMakeCXXCompilerABI.cpp.o
/usr/bin/c++    -v -o CMakeFiles/cmTC_117a0.dir/CMakeCXXCompilerABI.cpp.o -c /usr/share/cmake-3.16/Modules/CMakeCXXCompilerABI.cpp
Using built-in specs.
COLLECT_GCC=/usr/bin/c++
OFFLOAD_TARGET_NAMES=nvptx-none:hsa
OFFLOAD_TARGET_DEFAULT=1
Target: x86_64-linux-gnu
Configured with: ../src/configure -v --with-pkgversion='Ubuntu 9.4.0-1ubuntu1~20.04.2' --with-bugurl=file:///usr/share/doc/gcc-9/README.Bugs --enable-languages=c,ada,c++,go,brig,d,fortran,objc,obj-c++,gm2 --prefix=/usr --with-gcc-major-version-only --program-suffix=-9 --program-prefix=x86_64-linux-gnu- --enable-shared --enable-linker-build-id --libexecdir=/usr/lib --without-included-gettext --enable-threads=posix --libdir=/usr/lib --enable-nls --enable-clocale=gnu --enable-libstdcxx-debug --enable-libstdcxx-time=yes --with-default-libstdcxx-abi=new --enable-gnu-unique-object --disable-vtable-verify --enable-plugin --enable-default-pie --with-system-zlib --with-target-system-zlib=auto --enable-objc-gc=auto --enable-multiarch --disable-werror --with-arch-32=i686 --with-abi=m64 --with-multilib-list=m32,m64,mx32 --enable-multilib --with-tune=generic --enable-offload-targets=nvptx-none=/build/gcc-9-9QDOt0/gcc-9-9.4.0/debian/tmp-nvptx/usr,hsa --without-cuda-driver --enable-checking=release --build=x86_64-linux-gnu --host=x86_64-linux-gnu --target=x86_64-linux-gnu
Thread model: posix
gcc version 9.4.0 (Ubuntu 9.4.0-1ubuntu1~20.04.2) 
COLLECT_GCC_OPTIONS='-v' '-o' 'CMakeFiles/cmTC_117a0.dir/CMakeCXXCompilerABI.cpp.o' '-c' '-shared-libgcc' '-mtune=generic' '-march=x86-64'
 /usr/lib/gcc/x86_64-linux-gnu/9/cc1plus -quiet -v -imultiarch x86_64-linux-gnu -D_GNU_SOURCE /usr/share/cmake-3.16/Modules/CMakeCXXCompilerABI.cpp -quiet -dumpbase CMakeCXXCompilerABI.cpp -mtune=generic -march=x86-64 -auxbase-strip CMakeFiles/cmTC_117a0.dir/CMakeCXXCompilerABI.cpp.o -version -fasynchronous-unwind-tables -fstack-protector-strong -Wformat -Wformat-security -fstack-clash-protection -fcf-protection -o /tmp/ccI8jpCw.s
GNU C++14 (Ubuntu 9.4.0-1ubuntu1~20.04.2) version 9.4.0 (x86_64-linux-gnu)
	compiled by GNU C version 9.4.0, GMP version 6.2.0, MPFR version 4.0.2, MPC version 1.1.0, isl version isl-0.22.1-GMP

GGC heuristics: --param ggc-min-expand=100 --param ggc-min-heapsize=131072
ignoring duplicate directory "/usr/include/x86_64-linux-gnu/c++/9"
ignoring nonexistent directory "/usr/local/include/x86_64-linux-gnu"
ignoring nonexistent directory "/usr/lib/gcc/x86_64-linux-gnu/9/include-fixed"
ignoring nonexistent directory "/usr/lib/gcc/x86_64-linux-gnu/9/../../../../x86_64-linux-gnu/include"
#include "..." search starts here:
#include <...> search starts here:
 /usr/include/c++/9
 /usr/include/x86_64-linux-gnu/c++/9
 /usr/include/c++/9/backward
 /usr/lib/gcc/x86_64-linux-gnu/9/include
 /usr/local/include
 /usr/include/x86_64-linux-gnu
 /usr/include
End of search list.
GNU C++14 (Ubuntu 9.4.0-1ubuntu1~20.04.2) version 9.4.0 (x86_64-linux-gnu)
	compiled by GNU C version 9.4.0, GMP version 6.2.0, MPFR version 4.0.2, MPC version 1.1.0, isl version isl-0.22.1-GMP

GGC heuristics: --param ggc-min-expand=100 --param ggc-min-heapsize=131072
Compiler executable checksum: 3d1eba838554fa2348dba760e4770469
COLLECT_GCC_OPTIONS='-v' '-o' 'CMakeFiles/cmTC_117a0.dir/CMakeCXXCompilerABI.cpp.o' '-c' '-shared-libgcc' '-mtune=generic' '-march=x86-64'
 as -v --64 -o CMakeFiles/cmTC_117a0.dir/CMakeCXXCompilerABI.cpp.o /tmp/ccI8jpCw.s
GNU assembler version 2.34 (x86_64-linux-gnu) using BFD version (GNU Binutils for Ubuntu) 2.34
COMPILER_PATH=/usr/lib/gcc/x86_64-linux-gnu/9/:/usr/lib/gcc/x86_64-linux-gnu/9/:/usr/lib/gcc/x86_64-linux-gnu/:/usr/lib/gcc/x86_64-linux-gnu/9/:/usr/lib/gcc/x86_64-linux-gnu/
LIBRARY_PATH=/usr/lib/gcc/x86_64-linux-gnu/9/:/usr/lib/gcc/x86_64-linux-gnu/9/../../../x86_64-linux-gnu/:/usr/lib/gcc/x86_64-linux-gnu/9/../../../../lib/:/lib/x86_64-linux-gnu/:/lib/../lib/:/usr/lib/x86_64-linux-gnu/:/usr/lib/../lib/:/usr/lib/gcc/x86_64-linux-gnu/9/../../../:/lib/:/usr/lib/
COLLECT_GCC_OPTIONS='-v' '-o' 'CMakeFiles/cmTC_117a0.dir/CMakeCXXCompilerABI.cpp.o' '-c' '-shared-libgcc' '-mtune=generic' '-march=x86-64'
Linking CXX executable cmTC_117a0
/usr/bin/cmake -E cmake_link_script CMakeFiles/cmTC_117a0.dir/link.txt --verbose=1
/usr/bin/c++      -v CMakeFiles/cmTC_117a0.dir/CMakeCXXCompilerABI.cpp.o  -o cmTC_117a0 
Using built-in specs.
COLLECT_GCC=/usr/bin/c++
COLLECT_LTO_WRAPPER=/usr/lib/gcc/x86_64-linux-gnu/9/lto-wrapper
OFFLOAD_TARGET_NAMES=nvptx-none:hsa
OFFLOAD_TARGET_DEFAULT=1
Target: x86_64-linux-gnu
Configured with: ../src/configure -v --with-pkgversion='Ubuntu 9.4.0-1ubuntu1~20.04.2' --with-bugurl=file:///usr/share/doc/gcc-9/README.Bugs --enable-languages=c,ada,c++,go,brig,d,fortran,objc,obj-c++,gm2 --prefix=/usr --with-gcc-major-version-only --program-suffix=-9 --program-prefix=x86_64-linux-gnu- --enable-shared --enable-linker-build-id --libexecdir=/usr/lib --without-included-gettext --enable-threads=posix --libdir=/usr/lib --enable-nls --enable-clocale=gnu --enable-libstdcxx-debug --enable-libstdcxx-time=yes --with-default-libstdcxx-abi=new --enable-gnu-unique-object --disable-vtable-verify --enable-plugin --enable-default-pie --with-system-zlib --with-target-system-zlib=auto --enable-objc-gc=auto --enable-multiarch --disable-werror --with-arch-32=i686 --with-abi=m64 --with-multilib-list=m32,m64,mx32 --enable-multilib --with-tune=generic --enable-offload-targets=nvptx-none=/build/gcc-9-9QDOt0/gcc-9-9.4.0/debian/tmp-nvptx/usr,hsa --without-cuda-driver --enable-checking=release --build=x86_64-linux-gnu --host=x86_64-linux-gnu --target=x86_64-linux-gnu
Thread model: posix
gcc version 9.4.0 (Ubuntu 9.4.0-1ubuntu1~20.04.2) 
COMPILER_PATH=/usr/lib/gcc/x86_64-linux-gnu/9/:/usr/lib/gcc/x86_64-linux-gnu/9/:/usr/lib/gcc/x86_64-linux-gnu/:/usr/lib/gcc/x86_64-linux-gnu/9/:/usr/lib/gcc/x86_64-linux-gnu/
LIBRARY_PATH=/usr/lib/gcc/x86_64-linux-gnu/9/:/usr/lib/gcc/x86_64-linux-gnu/9/../../../x86_64-linux-gnu/:/usr/lib/gcc/x86_64-linux-gnu/9/../../../../lib/:/lib/x86_64-linux-gnu/:/lib/../lib/:/usr/lib/x86_64-linux-gnu/:/usr/lib/../lib/:/usr/lib/gcc/x86_64-linux-gnu/9/../../../:/lib/:/usr/lib/
COLLECT_GCC_OPTIONS='-v' '-o' 'cmTC_117a0' '-shared-libgcc' '-mtune=generic' '-march=x86-64'
 /usr/lib/gcc/x86_64-linux-gnu/9/collect2 -plugin /usr/lib/gcc/x86_64-linux-gnu/9/liblto_plugin.so -plugin-opt=/usr/lib/gcc/x86_64-linux-gnu/9/lto-wrapper -plugin-opt=-fresolution=/tmp/cc5lXvrX.res -plugin-opt=-pass-through=-lgcc_s -plugin-opt=-pass-through=-lgcc -plugin-opt=-pass-through=-lc -plugin-opt=-pass-through=-lgcc_s -plugin-opt=-pass-through=-lgcc --build-id --eh-frame-hdr -m elf_x86_64 --hash-style=gnu --as-needed -dynamic-linker /lib64/ld-linux-x86-64.so.2 -pie -z now -z relro -o cmTC_117a0 /usr/lib/gcc/x86_64-linux-gnu/9/../../../x86_64-linux-gnu/Scrt1.o /usr/lib/gcc/x86_64-linux-gnu/9/../../../x86_64-linux-gnu/crti.o /usr/lib/gcc/x86_64-linux-gnu/9/crtbeginS.o -L/usr/lib/gcc/x86_64-linux-gnu/9 -L/usr/lib/gcc/x86_64-linux-gnu/9/../../../x86_64-linux-gnu -L/usr/lib/gcc/x86_64-linux-gnu/9/../../../../lib -L/lib/x86_64-linux-gnu -L/lib/../lib -L/usr/lib/x86_64-linux-gnu -L/usr/lib/../lib -L/usr/lib/gcc/x86_64-linux-gnu/9/../../.. CMakeFiles/cmTC_117a0.dir/CMakeCXXCompilerABI.cpp.o -lstdc++ -lm -lgcc_s -lgcc -lc -lgcc_s -lgcc /usr/lib/gcc/x86_64-linux-gnu/9/crtendS.o /usr/lib/gcc/x86_64-linux-gnu/9/../../../x86_64-linux-gnu/crtn.o
COLLECT_GCC_OPTIONS='-v' '-o' 'cmTC_117a0' '-shared-libgcc' '-mtune=generic' '-march=x86-64'
make[1]: Leaving directory '/home/anton/Documents/code/dap-sdk/CMakeFiles/CMakeTmp'



Parsed CXX implicit include dir info from above output: rv=done
  found start of include info
  found start of implicit include info
    add: [/usr/include/c++/9]
    add: [/usr/include/x86_64-linux-gnu/c++/9]
    add: [/usr/include/c++/9/backward]
    add: [/usr/lib/gcc/x86_64-linux-gnu/9/include]
    add: [/usr/local/include]
    add: [/usr/include/x86_64-linux-gnu]
    add: [/usr/include]
  end of search list found
  collapse include dir [/usr/include/c++/9] ==> [/usr/include/c++/9]
  collapse include dir [/usr/include/x86_64-linux-gnu/c++/9] ==> [/usr/include/x86_64-linux-gnu/c++/9]
  collapse include dir [/usr/include/c++/9/backward] ==> [/usr/include/c++/9/backward]
  collapse include dir [/usr/lib/gcc/x86_64-linux-gnu/9/include] ==> [/usr/lib/gcc/x86_64-linux-gnu/9/include]
  collapse include dir [/usr/local/include] ==> [/usr/local/include]
  collapse include dir [/usr/include/x86_64-linux-gnu] ==> [/usr/include/x86_64-linux-gnu]
  collapse include dir [/usr/include] ==> [/usr/include]
  implicit include dirs: [/usr/include/c++/9;/usr/include/x86_64-linux-gnu/c++/9;/usr/include/c++/9/backward;/usr/lib/gcc/x86_64-linux-gnu/9/include;/usr/local/include;/usr/include/x86_64-linux-gnu;/usr/include]


Parsed CXX implicit link information from above output:
  link line regex: [^( *|.*[/\])(ld|CMAKE_LINK_STARTFILE-NOTFOUND|([^/\]+-)?ld|collect2)[^/\]*( |$)]
  ignore line: [Change Dir: /home/anton/Documents/code/dap-sdk/CMakeFiles/CMakeTmp]
  ignore line: []
  ignore line: [Run Build Command(s):/usr/bin/make cmTC_117a0/fast && /usr/bin/make -f CMakeFiles/cmTC_117a0.dir/build.make CMakeFiles/cmTC_117a0.dir/build]
  ignore line: [make[1]: Entering directory '/home/anton/Documents/code/dap-sdk/CMakeFiles/CMakeTmp']
  ignore line: [Building CXX object CMakeFiles/cmTC_117a0.dir/CMakeCXXCompilerABI.cpp.o]
  ignore line: [/usr/bin/c++    -v -o CMakeFiles/cmTC_117a0.dir/CMakeCXXCompilerABI.cpp.o -c /usr/share/cmake-3.16/Modules/CMakeCXXCompilerABI.cpp]
  ignore line: [Using built-in specs.]
  ignore line: [COLLECT_GCC=/usr/bin/c++]
  ignore line: [OFFLOAD_TARGET_NAMES=nvptx-none:hsa]
  ignore line: [OFFLOAD_TARGET_DEFAULT=1]
  ignore line: [Target: x86_64-linux-gnu]
  ignore line: [Configured with: ../src/configure -v --with-pkgversion='Ubuntu 9.4.0-1ubuntu1~20.04.2' --with-bugurl=file:///usr/share/doc/gcc-9/README.Bugs --enable-languages=c ada c++ go brig d fortran objc obj-c++ gm2 --prefix=/usr --with-gcc-major-version-only --program-suffix=-9 --program-prefix=x86_64-linux-gnu- --enable-shared --enable-linker-build-id --libexecdir=/usr/lib --without-included-gettext --enable-threads=posix --libdir=/usr/lib --enable-nls --enable-clocale=gnu --enable-libstdcxx-debug --enable-libstdcxx-time=yes --with-default-libstdcxx-abi=new --enable-gnu-unique-object --disable-vtable-verify --enable-plugin --enable-default-pie --with-system-zlib --with-target-system-zlib=auto --enable-objc-gc=auto --enable-multiarch --disable-werror --with-arch-32=i686 --with-abi=m64 --with-multilib-list=m32 m64 mx32 --enable-multilib --with-tune=generic --enable-offload-targets=nvptx-none=/build/gcc-9-9QDOt0/gcc-9-9.4.0/debian/tmp-nvptx/usr hsa --without-cuda-driver --enable-checking=release --build=x86_64-linux-gnu --host=x86_64-linux-gnu --target=x86_64-linux-gnu]
  ignore line: [Thread model: posix]
  ignore line: [gcc version 9.4.0 (Ubuntu 9.4.0-1ubuntu1~20.04.2) ]
  ignore line: [COLLECT_GCC_OPTIONS='-v' '-o' 'CMakeFiles/cmTC_117a0.dir/CMakeCXXCompilerABI.cpp.o' '-c' '-shared-libgcc' '-mtune=generic' '-march=x86-64']
  ignore line: [ /usr/lib/gcc/x86_64-linux-gnu/9/cc1plus -quiet -v -imultiarch x86_64-linux-gnu -D_GNU_SOURCE /usr/share/cmake-3.16/Modules/CMakeCXXCompilerABI.cpp -quiet -dumpbase CMakeCXXCompilerABI.cpp -mtune=generic -march=x86-64 -auxbase-strip CMakeFiles/cmTC_117a0.dir/CMakeCXXCompilerABI.cpp.o -version -fasynchronous-unwind-tables -fstack-protector-strong -Wformat -Wformat-security -fstack-clash-protection -fcf-protection -o /tmp/ccI8jpCw.s]
  ignore line: [GNU C++14 (Ubuntu 9.4.0-1ubuntu1~20.04.2) version 9.4.0 (x86_64-linux-gnu)]
  ignore line: [	compiled by GNU C version 9.4.0  GMP version 6.2.0  MPFR version 4.0.2  MPC version 1.1.0  isl version isl-0.22.1-GMP]
  ignore line: []
  ignore line: [GGC heuristics: --param ggc-min-expand=100 --param ggc-min-heapsize=131072]
  ignore line: [ignoring duplicate directory "/usr/include/x86_64-linux-gnu/c++/9"]
  ignore line: [ignoring nonexistent directory "/usr/local/include/x86_64-linux-gnu"]
  ignore line: [ignoring nonexistent directory "/usr/lib/gcc/x86_64-linux-gnu/9/include-fixed"]
  ignore line: [ignoring nonexistent directory "/usr/lib/gcc/x86_64-linux-gnu/9/../../../../x86_64-linux-gnu/include"]
  ignore line: [#include "..." search starts here:]
  ignore line: [#include <...> search starts here:]
  ignore line: [ /usr/include/c++/9]
  ignore line: [ /usr/include/x86_64-linux-gnu/c++/9]
  ignore line: [ /usr/include/c++/9/backward]
  ignore line: [ /usr/lib/gcc/x86_64-linux-gnu/9/include]
  ignore line: [ /usr/local/include]
  ignore line: [ /usr/include/x86_64-linux-gnu]
  ignore line: [ /usr/include]
  ignore line: [End of search list.]
  ignore line: [GNU C++14 (Ubuntu 9.4.0-1ubuntu1~20.04.2) version 9.4.0 (x86_64-linux-gnu)]
  ignore line: [	compiled by GNU C version 9.4.0  GMP version 6.2.0  MPFR version 4.0.2  MPC version 1.1.0  isl version isl-0.22.1-GMP]
  ignore line: []
  ignore line: [GGC heuristics: --param ggc-min-expand=100 --param ggc-min-heapsize=131072]
  ignore line: [Compiler executable checksum: 3d1eba838554fa2348dba760e4770469]
  ignore line: [COLLECT_GCC_OPTIONS='-v' '-o' 'CMakeFiles/cmTC_117a0.dir/CMakeCXXCompilerABI.cpp.o' '-c' '-shared-libgcc' '-mtune=generic' '-march=x86-64']
  ignore line: [ as -v --64 -o CMakeFiles/cmTC_117a0.dir/CMakeCXXCompilerABI.cpp.o /tmp/ccI8jpCw.s]
  ignore line: [GNU assembler version 2.34 (x86_64-linux-gnu) using BFD version (GNU Binutils for Ubuntu) 2.34]
  ignore line: [COMPILER_PATH=/usr/lib/gcc/x86_64-linux-gnu/9/:/usr/lib/gcc/x86_64-linux-gnu/9/:/usr/lib/gcc/x86_64-linux-gnu/:/usr/lib/gcc/x86_64-linux-gnu/9/:/usr/lib/gcc/x86_64-linux-gnu/]
  ignore line: [LIBRARY_PATH=/usr/lib/gcc/x86_64-linux-gnu/9/:/usr/lib/gcc/x86_64-linux-gnu/9/../../../x86_64-linux-gnu/:/usr/lib/gcc/x86_64-linux-gnu/9/../../../../lib/:/lib/x86_64-linux-gnu/:/lib/../lib/:/usr/lib/x86_64-linux-gnu/:/usr/lib/../lib/:/usr/lib/gcc/x86_64-linux-gnu/9/../../../:/lib/:/usr/lib/]
  ignore line: [COLLECT_GCC_OPTIONS='-v' '-o' 'CMakeFiles/cmTC_117a0.dir/CMakeCXXCompilerABI.cpp.o' '-c' '-shared-libgcc' '-mtune=generic' '-march=x86-64']
  ignore line: [Linking CXX executable cmTC_117a0]
  ignore line: [/usr/bin/cmake -E cmake_link_script CMakeFiles/cmTC_117a0.dir/link.txt --verbose=1]
  ignore line: [/usr/bin/c++      -v CMakeFiles/cmTC_117a0.dir/CMakeCXXCompilerABI.cpp.o  -o cmTC_117a0 ]
  ignore line: [Using built-in specs.]
  ignore line: [COLLECT_GCC=/usr/bin/c++]
  ignore line: [COLLECT_LTO_WRAPPER=/usr/lib/gcc/x86_64-linux-gnu/9/lto-wrapper]
  ignore line: [OFFLOAD_TARGET_NAMES=nvptx-none:hsa]
  ignore line: [OFFLOAD_TARGET_DEFAULT=1]
  ignore line: [Target: x86_64-linux-gnu]
  ignore line: [Configured with: ../src/configure -v --with-pkgversion='Ubuntu 9.4.0-1ubuntu1~20.04.2' --with-bugurl=file:///usr/share/doc/gcc-9/README.Bugs --enable-languages=c ada c++ go brig d fortran objc obj-c++ gm2 --prefix=/usr --with-gcc-major-version-only --program-suffix=-9 --program-prefix=x86_64-linux-gnu- --enable-shared --enable-linker-build-id --libexecdir=/usr/lib --without-included-gettext --enable-threads=posix --libdir=/usr/lib --enable-nls --enable-clocale=gnu --enable-libstdcxx-debug --enable-libstdcxx-time=yes --with-default-libstdcxx-abi=new --enable-gnu-unique-object --disable-vtable-verify --enable-plugin --enable-default-pie --with-system-zlib --with-target-system-zlib=auto --enable-objc-gc=auto --enable-multiarch --disable-werror --with-arch-32=i686 --with-abi=m64 --with-multilib-list=m32 m64 mx32 --enable-multilib --with-tune=generic --enable-offload-targets=nvptx-none=/build/gcc-9-9QDOt0/gcc-9-9.4.0/debian/tmp-nvptx/usr hsa --without-cuda-driver --enable-checking=release --build=x86_64-linux-gnu --host=x86_64-linux-gnu --target=x86_64-linux-gnu]
  ignore line: [Thread model: posix]
  ignore line: [gcc version 9.4.0 (Ubuntu 9.4.0-1ubuntu1~20.04.2) ]
  ignore line: [COMPILER_PATH=/usr/lib/gcc/x86_64-linux-gnu/9/:/usr/lib/gcc/x86_64-linux-gnu/9/:/usr/lib/gcc/x86_64-linux-gnu/:/usr/lib/gcc/x86_64-linux-gnu/9/:/usr/lib/gcc/x86_64-linux-gnu/]
  ignore line: [LIBRARY_PATH=/usr/lib/gcc/x86_64-linux-gnu/9/:/usr/lib/gcc/x86_64-linux-gnu/9/../../../x86_64-linux-gnu/:/usr/lib/gcc/x86_64-linux-gnu/9/../../../../lib/:/lib/x86_64-linux-gnu/:/lib/../lib/:/usr/lib/x86_64-linux-gnu/:/usr/lib/../lib/:/usr/lib/gcc/x86_64-linux-gnu/9/../../../:/lib/:/usr/lib/]
  ignore line: [COLLECT_GCC_OPTIONS='-v' '-o' 'cmTC_117a0' '-shared-libgcc' '-mtune=generic' '-march=x86-64']
  link line: [ /usr/lib/gcc/x86_64-linux-gnu/9/collect2 -plugin /usr/lib/gcc/x86_64-linux-gnu/9/liblto_plugin.so -plugin-opt=/usr/lib/gcc/x86_64-linux-gnu/9/lto-wrapper -plugin-opt=-fresolution=/tmp/cc5lXvrX.res -plugin-opt=-pass-through=-lgcc_s -plugin-opt=-pass-through=-lgcc -plugin-opt=-pass-through=-lc -plugin-opt=-pass-through=-lgcc_s -plugin-opt=-pass-through=-lgcc --build-id --eh-frame-hdr -m elf_x86_64 --hash-style=gnu --as-needed -dynamic-linker /lib64/ld-linux-x86-64.so.2 -pie -z now -z relro -o cmTC_117a0 /usr/lib/gcc/x86_64-linux-gnu/9/../../../x86_64-linux-gnu/Scrt1.o /usr/lib/gcc/x86_64-linux-gnu/9/../../../x86_64-linux-gnu/crti.o /usr/lib/gcc/x86_64-linux-gnu/9/crtbeginS.o -L/usr/lib/gcc/x86_64-linux-gnu/9 -L/usr/lib/gcc/x86_64-linux-gnu/9/../../../x86_64-linux-gnu -L/usr/lib/gcc/x86_64-linux-gnu/9/../../../../lib -L/lib/x86_64-linux-gnu -L/lib/../lib -L/usr/lib/x86_64-linux-gnu -L/usr/lib/../lib -L/usr/lib/gcc/x86_64-linux-gnu/9/../../.. CMakeFiles/cmTC_117a0.dir/CMakeCXXCompilerABI.cpp.o -lstdc++ -lm -lgcc_s -lgcc -lc -lgcc_s -lgcc /usr/lib/gcc/x86_64-linux-gnu/9/crtendS.o /usr/lib/gcc/x86_64-linux-gnu/9/../../../x86_64-linux-gnu/crtn.o]
    arg [/usr/lib/gcc/x86_64-linux-gnu/9/collect2] ==> ignore
    arg [-plugin] ==> ignore
    arg [/usr/lib/gcc/x86_64-linux-gnu/9/liblto_plugin.so] ==> ignore
    arg [-plugin-opt=/usr/lib/gcc/x86_64-linux-gnu/9/lto-wrapper] ==> ignore
    arg [-plugin-opt=-fresolution=/tmp/cc5lXvrX.res] ==> ignore
    arg [-plugin-opt=-pass-through=-lgcc_s] ==> ignore
    arg [-plugin-opt=-pass-through=-lgcc] ==> ignore
    arg [-plugin-opt=-pass-through=-lc] ==> ignore
    arg [-plugin-opt=-pass-through=-lgcc_s] ==> ignore
    arg [-plugin-opt=-pass-through=-lgcc] ==> ignore
    arg [--build-id] ==> ignore
    arg [--eh-frame-hdr] ==> ignore
    arg [-m] ==> ignore
    arg [elf_x86_64] ==> ignore
    arg [--hash-style=gnu] ==> ignore
    arg [--as-needed] ==> ignore
    arg [-dynamic-linker] ==> ignore
    arg [/lib64/ld-linux-x86-64.so.2] ==> ignore
    arg [-pie] ==> ignore
    arg [-znow] ==> ignore
    arg [-zrelro] ==> ignore
    arg [-o] ==> ignore
    arg [cmTC_117a0] ==> ignore
    arg [/usr/lib/gcc/x86_64-linux-gnu/9/../../../x86_64-linux-gnu/Scrt1.o] ==> ignore
    arg [/usr/lib/gcc/x86_64-linux-gnu/9/../../../x86_64-linux-gnu/crti.o] ==> ignore
    arg [/usr/lib/gcc/x86_64-linux-gnu/9/crtbeginS.o] ==> ignore
    arg [-L/usr/lib/gcc/x86_64-linux-gnu/9] ==> dir [/usr/lib/gcc/x86_64-linux-gnu/9]
    arg [-L/usr/lib/gcc/x86_64-linux-gnu/9/../../../x86_64-linux-gnu] ==> dir [/usr/lib/gcc/x86_64-linux-gnu/9/../../../x86_64-linux-gnu]
    arg [-L/usr/lib/gcc/x86_64-linux-gnu/9/../../../../lib] ==> dir [/usr/lib/gcc/x86_64-linux-gnu/9/../../../../lib]
    arg [-L/lib/x86_64-linux-gnu] ==> dir [/lib/x86_64-linux-gnu]
    arg [-L/lib/../lib] ==> dir [/lib/../lib]
    arg [-L/usr/lib/x86_64-linux-gnu] ==> dir [/usr/lib/x86_64-linux-gnu]
    arg [-L/usr/lib/../lib] ==> dir [/usr/lib/../lib]
    arg [-L/usr/lib/gcc/x86_64-linux-gnu/9/../../..] ==> dir [/usr/lib/gcc/x86_64-linux-gnu/9/../../..]
    arg [CMakeFiles/cmTC_117a0.dir/CMakeCXXCompilerABI.cpp.o] ==> ignore
    arg [-lstdc++] ==> lib [stdc++]
    arg [-lm] ==> lib [m]
    arg [-lgcc_s] ==> lib [gcc_s]
    arg [-lgcc] ==> lib [gcc]
    arg [-lc] ==> lib [c]
    arg [-lgcc_s] ==> lib [gcc_s]
    arg [-lgcc] ==> lib [gcc]
    arg [/usr/lib/gcc/x86_64-linux-gnu/9/crtendS.o] ==> ignore
    arg [/usr/lib/gcc/x86_64-linux-gnu/9/../../../x86_64-linux-gnu/crtn.o] ==> ignore
  collapse library dir [/usr/lib/gcc/x86_64-linux-gnu/9] ==> [/usr/lib/gcc/x86_64-linux-gnu/9]
  collapse library dir [/usr/lib/gcc/x86_64-linux-gnu/9/../../../x86_64-linux-gnu] ==> [/usr/lib/x86_64-linux-gnu]
  collapse library dir [/usr/lib/gcc/x86_64-linux-gnu/9/../../../../lib] ==> [/usr/lib]
  collapse library dir [/lib/x86_64-linux-gnu] ==> [/lib/x86_64-linux-gnu]
  collapse library dir [/lib/../lib] ==> [/lib]
  collapse library dir [/usr/lib/x86_64-linux-gnu] ==> [/usr/lib/x86_64-linux-gnu]
  collapse library dir [/usr/lib/../lib] ==> [/usr/lib]
  collapse library dir [/usr/lib/gcc/x86_64-linux-gnu/9/../../..] ==> [/usr/lib]
  implicit libs: [stdc++;m;gcc_s;gcc;c;gcc_s;gcc]
  implicit dirs: [/usr/lib/gcc/x86_64-linux-gnu/9;/usr/lib/x86_64-linux-gnu;/usr/lib;/lib/x86_64-linux-gnu;/lib]
  implicit fwks: []


